This file contains any messages produced by compilers while
running configure, to aid debugging if configure makes a mistake.

It was created by configure, which was
generated by GNU Autoconf 2.63.  Invocation command line was

  $ ./configure --with-fftw3=/opt/local/lib/ --prefix=/Users/stephan/Code/git/mdcore/bin/

## --------- ##
## Platform. ##
## --------- ##

hostname = deepthought.fritz.box
uname -m = x86_64
uname -r = 13.1.0
uname -s = Darwin
uname -v = Darwin Kernel Version 13.1.0: Wed Apr  2 23:52:02 PDT 2014; root:xnu-2422.92.1~2/RELEASE_X86_64

/usr/bin/uname -p = i386
/bin/uname -X     = unknown

/bin/arch              = unknown
/usr/bin/arch -k       = unknown
/usr/convex/getsysinfo = unknown
/usr/bin/hostinfo      = Mach kernel version:
	 Darwin Kernel Version 13.1.0: Wed Apr  2 23:52:02 PDT 2014; root:xnu-2422.92.1~2/RELEASE_X86_64
Kernel configured for up to 8 processors.
4 processors are physically available.
8 processors are logically available.
Processor type: i486 (Intel 80486)
Processors active: 0 1 2 3 4 5 6 7
Primary memory available: 16.00 gigabytes
Default processor set: 177 tasks, 845 threads, 8 processors
Load average: 1.31, Mach factor: 6.68
/bin/machine           = unknown
/usr/bin/oslevel       = unknown
/bin/universe          = unknown

PATH: /usr/bin/ccache
PATH: /usr/bin
PATH: /bin
PATH: /usr/sbin
PATH: /sbin
PATH: /usr/local/bin
PATH: /opt/X11/bin
PATH: /home/stephan/local/bin/
PATH: /home/stephan/.gem/ruby/1.8/bin
PATH: /opt/local/bin/


## ----------- ##
## Core tests. ##
## ----------- ##

configure:2173: checking for a BSD-compatible install
configure:2241: result: /usr/bin/install -c
configure:2252: checking whether build environment is sane
configure:2312: result: yes
configure:2453: checking for a thread-safe mkdir -p
configure:2492: result: ./install-sh -c -d
configure:2505: checking for gawk
configure:2535: result: no
configure:2505: checking for mawk
configure:2535: result: no
configure:2505: checking for nawk
configure:2535: result: no
configure:2505: checking for awk
configure:2521: found /usr/bin/awk
configure:2532: result: awk
configure:2543: checking whether make sets $(MAKE)
configure:2565: result: yes
configure:2659: checking for style of include used by make
configure:2687: result: GNU
configure:2757: checking for gcc
configure:2784: result: /opt/local/bin/mpicc-openmpi-gcc47
configure:3016: checking for C compiler version
configure:3024: /opt/local/bin/mpicc-openmpi-gcc47 --version >&5
gcc-mp-4.7 (MacPorts gcc47 4.7.3_3) 4.7.3
Copyright (C) 2012 Free Software Foundation, Inc.
This is free software; see the source for copying conditions.  There is NO
warranty; not even for MERCHANTABILITY or FITNESS FOR A PARTICULAR PURPOSE.

configure:3028: $? = 0
configure:3035: /opt/local/bin/mpicc-openmpi-gcc47 -v >&5
Using built-in specs.
COLLECT_GCC=/opt/local/bin/gcc-mp-4.7
COLLECT_LTO_WRAPPER=/opt/local/libexec/gcc/x86_64-apple-darwin13/4.7.3/lto-wrapper
Target: x86_64-apple-darwin13
Configured with: /opt/local/var/macports/build/_opt_mports_dports_lang_gcc47/gcc47/work/gcc-4.7.3/configure --prefix=/opt/local --build=x86_64-apple-darwin13 --enable-languages=c,c++,objc,obj-c++,lto,fortran,java --libdir=/opt/local/lib/gcc47 --includedir=/opt/local/include/gcc47 --infodir=/opt/local/share/info --mandir=/opt/local/share/man --datarootdir=/opt/local/share/gcc-4.7 --with-libiconv-prefix=/opt/local --with-local-prefix=/opt/local --with-system-zlib --disable-nls --program-suffix=-mp-4.7 --with-gxx-include-dir=/opt/local/include/gcc47/c++/ --with-gmp=/opt/local --with-mpfr=/opt/local --with-mpc=/opt/local --with-ppl=/opt/local --with-cloog=/opt/local --enable-cloog-backend=isl --disable-cloog-version-check --enable-stage1-checking --disable-multilib --enable-lto --enable-libstdcxx-time --with-as=/opt/local/bin/as --with-ld=/opt/local/bin/ld --with-ar=/opt/local/bin/ar --with-bugurl=https://trac.macports.org/newticket --disable-ppl-version-check --with-pkgversion='MacPorts gcc47 4.7.3_3'
Thread model: posix
gcc version 4.7.3 (MacPorts gcc47 4.7.3_3) 
configure:3039: $? = 0
configure:3046: /opt/local/bin/mpicc-openmpi-gcc47 -V >&5
gcc-mp-4.7: error: unrecognized command line option '-V'
gcc-mp-4.7: fatal error: no input files
compilation terminated.
configure:3050: $? = 1
configure:3073: checking for C compiler default output file name
configure:3095: /opt/local/bin/mpicc-openmpi-gcc47 -mno-avx -L/opt/local/lib/ -Wno-maybe-uninitialized  -L/opt/local/lib/ conftest.c  >&5
configure:3099: $? = 0
configure:3137: result: a.out
configure:3156: checking whether the C compiler works
configure:3166: ./a.out
configure:3170: $? = 0
configure:3189: result: yes
configure:3196: checking whether we are cross compiling
configure:3198: result: no
configure:3201: checking for suffix of executables
configure:3208: /opt/local/bin/mpicc-openmpi-gcc47 -o conftest -mno-avx -L/opt/local/lib/ -Wno-maybe-uninitialized  -L/opt/local/lib/ conftest.c  >&5
configure:3212: $? = 0
configure:3238: result: 
configure:3244: checking for suffix of object files
configure:3270: /opt/local/bin/mpicc-openmpi-gcc47 -c -mno-avx -L/opt/local/lib/ -Wno-maybe-uninitialized  conftest.c >&5
configure:3274: $? = 0
configure:3299: result: o
configure:3303: checking whether we are using the GNU C compiler
configure:3332: /opt/local/bin/mpicc-openmpi-gcc47 -c -mno-avx -L/opt/local/lib/ -Wno-maybe-uninitialized  conftest.c >&5
configure:3339: $? = 0
configure:3356: result: yes
configure:3365: checking whether /opt/local/bin/mpicc-openmpi-gcc47 accepts -g
configure:3395: /opt/local/bin/mpicc-openmpi-gcc47 -c -g  conftest.c >&5
configure:3402: $? = 0
configure:3503: result: yes
configure:3520: checking for /opt/local/bin/mpicc-openmpi-gcc47 option to accept ISO C89
configure:3594: /opt/local/bin/mpicc-openmpi-gcc47  -c -mno-avx -L/opt/local/lib/ -Wno-maybe-uninitialized  conftest.c >&5
configure:3601: $? = 0
configure:3624: result: none needed
configure:3644: checking dependency style of /opt/local/bin/mpicc-openmpi-gcc47
configure:3754: result: gcc3
configure:3775: checking how to run the C preprocessor
configure:3815: /opt/local/bin/mpicc-openmpi-gcc47 -E  conftest.c
configure:3822: $? = 0
configure:3853: /opt/local/bin/mpicc-openmpi-gcc47 -E  conftest.c
conftest.c:10:28: fatal error: ac_nonexistent.h: No such file or directory
compilation terminated.
configure:3860: $? = 1
configure: failed program was:
| /* confdefs.h.  */
| #define PACKAGE_NAME ""
| #define PACKAGE_TARNAME ""
| #define PACKAGE_VERSION ""
| #define PACKAGE_STRING ""
| #define PACKAGE_BUGREPORT ""
| #define PACKAGE "mdcore"
| #define VERSION "VERSION"
| /* end confdefs.h.  */
| #include <ac_nonexistent.h>
configure:3893: result: /opt/local/bin/mpicc-openmpi-gcc47 -E
configure:3922: /opt/local/bin/mpicc-openmpi-gcc47 -E  conftest.c
configure:3929: $? = 0
configure:3960: /opt/local/bin/mpicc-openmpi-gcc47 -E  conftest.c
conftest.c:10:28: fatal error: ac_nonexistent.h: No such file or directory
compilation terminated.
configure:3967: $? = 1
configure: failed program was:
| /* confdefs.h.  */
| #define PACKAGE_NAME ""
| #define PACKAGE_TARNAME ""
| #define PACKAGE_VERSION ""
| #define PACKAGE_STRING ""
| #define PACKAGE_BUGREPORT ""
| #define PACKAGE "mdcore"
| #define VERSION "VERSION"
| /* end confdefs.h.  */
| #include <ac_nonexistent.h>
configure:4007: checking for grep that handles long lines and -e
configure:4067: result: /usr/bin/grep
configure:4072: checking for egrep
configure:4136: result: /usr/bin/grep -E
configure:4141: checking for ANSI C header files
configure:4171: /opt/local/bin/mpicc-openmpi-gcc47 -c -mno-avx -L/opt/local/lib/ -Wno-maybe-uninitialized  conftest.c >&5
configure:4178: $? = 0
configure:4277: /opt/local/bin/mpicc-openmpi-gcc47 -o conftest -mno-avx -L/opt/local/lib/ -Wno-maybe-uninitialized  -L/opt/local/lib/ conftest.c  >&5
configure:4281: $? = 0
configure:4287: ./conftest
configure:4291: $? = 0
configure:4309: result: yes
configure:4333: checking for sys/types.h
configure:4354: /opt/local/bin/mpicc-openmpi-gcc47 -c -mno-avx -L/opt/local/lib/ -Wno-maybe-uninitialized  conftest.c >&5
configure:4361: $? = 0
configure:4378: result: yes
configure:4333: checking for sys/stat.h
configure:4354: /opt/local/bin/mpicc-openmpi-gcc47 -c -mno-avx -L/opt/local/lib/ -Wno-maybe-uninitialized  conftest.c >&5
configure:4361: $? = 0
configure:4378: result: yes
configure:4333: checking for stdlib.h
configure:4354: /opt/local/bin/mpicc-openmpi-gcc47 -c -mno-avx -L/opt/local/lib/ -Wno-maybe-uninitialized  conftest.c >&5
configure:4361: $? = 0
configure:4378: result: yes
configure:4333: checking for string.h
configure:4354: /opt/local/bin/mpicc-openmpi-gcc47 -c -mno-avx -L/opt/local/lib/ -Wno-maybe-uninitialized  conftest.c >&5
configure:4361: $? = 0
configure:4378: result: yes
configure:4333: checking for memory.h
configure:4354: /opt/local/bin/mpicc-openmpi-gcc47 -c -mno-avx -L/opt/local/lib/ -Wno-maybe-uninitialized  conftest.c >&5
configure:4361: $? = 0
configure:4378: result: yes
configure:4333: checking for strings.h
configure:4354: /opt/local/bin/mpicc-openmpi-gcc47 -c -mno-avx -L/opt/local/lib/ -Wno-maybe-uninitialized  conftest.c >&5
configure:4361: $? = 0
configure:4378: result: yes
configure:4333: checking for inttypes.h
configure:4354: /opt/local/bin/mpicc-openmpi-gcc47 -c -mno-avx -L/opt/local/lib/ -Wno-maybe-uninitialized  conftest.c >&5
configure:4361: $? = 0
configure:4378: result: yes
configure:4333: checking for stdint.h
configure:4354: /opt/local/bin/mpicc-openmpi-gcc47 -c -mno-avx -L/opt/local/lib/ -Wno-maybe-uninitialized  conftest.c >&5
configure:4361: $? = 0
configure:4378: result: yes
configure:4333: checking for unistd.h
configure:4354: /opt/local/bin/mpicc-openmpi-gcc47 -c -mno-avx -L/opt/local/lib/ -Wno-maybe-uninitialized  conftest.c >&5
configure:4361: $? = 0
configure:4378: result: yes
configure:4403: checking minix/config.h usability
configure:4420: /opt/local/bin/mpicc-openmpi-gcc47 -c -mno-avx -L/opt/local/lib/ -Wno-maybe-uninitialized  conftest.c >&5
conftest.c:53:26: fatal error: minix/config.h: No such file or directory
compilation terminated.
configure:4427: $? = 1
configure: failed program was:
| /* confdefs.h.  */
| #define PACKAGE_NAME ""
| #define PACKAGE_TARNAME ""
| #define PACKAGE_VERSION ""
| #define PACKAGE_STRING ""
| #define PACKAGE_BUGREPORT ""
| #define PACKAGE "mdcore"
| #define VERSION "VERSION"
| #define STDC_HEADERS 1
| #define HAVE_SYS_TYPES_H 1
| #define HAVE_SYS_STAT_H 1
| #define HAVE_STDLIB_H 1
| #define HAVE_STRING_H 1
| #define HAVE_MEMORY_H 1
| #define HAVE_STRINGS_H 1
| #define HAVE_INTTYPES_H 1
| #define HAVE_STDINT_H 1
| #define HAVE_UNISTD_H 1
| /* end confdefs.h.  */
| #include <stdio.h>
| #ifdef HAVE_SYS_TYPES_H
| # include <sys/types.h>
| #endif
| #ifdef HAVE_SYS_STAT_H
| # include <sys/stat.h>
| #endif
| #ifdef STDC_HEADERS
| # include <stdlib.h>
| # include <stddef.h>
| #else
| # ifdef HAVE_STDLIB_H
| #  include <stdlib.h>
| # endif
| #endif
| #ifdef HAVE_STRING_H
| # if !defined STDC_HEADERS && defined HAVE_MEMORY_H
| #  include <memory.h>
| # endif
| # include <string.h>
| #endif
| #ifdef HAVE_STRINGS_H
| # include <strings.h>
| #endif
| #ifdef HAVE_INTTYPES_H
| # include <inttypes.h>
| #endif
| #ifdef HAVE_STDINT_H
| # include <stdint.h>
| #endif
| #ifdef HAVE_UNISTD_H
| # include <unistd.h>
| #endif
| #include <minix/config.h>
configure:4441: result: no
configure:4445: checking minix/config.h presence
configure:4460: /opt/local/bin/mpicc-openmpi-gcc47 -E  conftest.c
conftest.c:20:26: fatal error: minix/config.h: No such file or directory
compilation terminated.
configure:4467: $? = 1
configure: failed program was:
| /* confdefs.h.  */
| #define PACKAGE_NAME ""
| #define PACKAGE_TARNAME ""
| #define PACKAGE_VERSION ""
| #define PACKAGE_STRING ""
| #define PACKAGE_BUGREPORT ""
| #define PACKAGE "mdcore"
| #define VERSION "VERSION"
| #define STDC_HEADERS 1
| #define HAVE_SYS_TYPES_H 1
| #define HAVE_SYS_STAT_H 1
| #define HAVE_STDLIB_H 1
| #define HAVE_STRING_H 1
| #define HAVE_MEMORY_H 1
| #define HAVE_STRINGS_H 1
| #define HAVE_INTTYPES_H 1
| #define HAVE_STDINT_H 1
| #define HAVE_UNISTD_H 1
| /* end confdefs.h.  */
| #include <minix/config.h>
configure:4481: result: no
configure:4509: checking for minix/config.h
configure:4516: result: no
configure:4547: checking whether it is safe to define __EXTENSIONS__
configure:4575: /opt/local/bin/mpicc-openmpi-gcc47 -c -mno-avx -L/opt/local/lib/ -Wno-maybe-uninitialized  conftest.c >&5
configure:4582: $? = 0
configure:4597: result: yes
configure:4652: checking build system type
configure:4670: result: x86_64-apple-darwin13.1.0
configure:4692: checking host system type
configure:4707: result: x86_64-apple-darwin13.1.0
configure:4729: checking for a sed that does not truncate output
configure:4795: result: /usr/bin/sed
configure:4813: checking for fgrep
configure:4877: result: /usr/bin/grep -F
configure:4912: checking for ld used by /opt/local/bin/mpicc-openmpi-gcc47
configure:4979: result: /opt/local/bin/ld
configure:4988: checking if the linker (/opt/local/bin/ld) is GNU ld
configure:5003: result: no
configure:5015: checking for BSD- or MS-compatible name lister (nm)
configure:5064: result: /usr/bin/nm
configure:5182: checking the name lister (/usr/bin/nm) interface
configure:5189: /opt/local/bin/mpicc-openmpi-gcc47 -c -mno-avx -L/opt/local/lib/ -Wno-maybe-uninitialized  conftest.c >&5
configure:5192: /usr/bin/nm "conftest.o"
configure:5195: output
0000000000000000 S _some_variable
configure:5202: result: BSD nm
configure:5205: checking whether ln -s works
configure:5209: result: yes
configure:5217: checking the maximum length of command line arguments
configure:5337: result: 196608
configure:5354: checking whether the shell understands some XSI constructs
configure:5364: result: yes
configure:5368: checking whether the shell understands "+="
configure:5374: result: yes
configure:5409: checking for /opt/local/bin/ld option to reload object files
configure:5416: result: -r
configure:5485: checking for objdump
configure:5515: result: no
configure:5544: checking how to recognize dependent libraries
configure:5740: result: pass_all
configure:5800: checking for ar
configure:5816: found /usr/bin/ar
configure:5827: result: ar
configure:5905: checking for strip
configure:5921: found /usr/bin/strip
configure:5932: result: strip
configure:6004: checking for ranlib
configure:6020: found /usr/bin/ranlib
configure:6031: result: ranlib
configure:6121: checking command to parse /usr/bin/nm output from /opt/local/bin/mpicc-openmpi-gcc47 object
configure:6239: /opt/local/bin/mpicc-openmpi-gcc47 -c -mno-avx -L/opt/local/lib/ -Wno-maybe-uninitialized  conftest.c >&5
configure:6242: $? = 0
configure:6246: /usr/bin/nm conftest.o \| sed -n -e 's/^.*[	 ]\([BCDEGRST][BCDEGRST]*\)[	 ][	 ]*\([_A-Za-z][_A-Za-z0-9]*\)$/\1 \2 \2/p' \> conftest.nm
configure:6249: $? = 0
cannot find nm_test_var in conftest.nm
configure:6239: /opt/local/bin/mpicc-openmpi-gcc47 -c -mno-avx -L/opt/local/lib/ -Wno-maybe-uninitialized  conftest.c >&5
configure:6242: $? = 0
configure:6246: /usr/bin/nm conftest.o \| sed -n -e 's/^.*[	 ]\([BCDEGRST][BCDEGRST]*\)[	 ][	 ]*_\([_A-Za-z][_A-Za-z0-9]*\)$/\1 _\2 \2/p' \> conftest.nm
configure:6249: $? = 0
configure:6303: /opt/local/bin/mpicc-openmpi-gcc47 -o conftest -mno-avx -L/opt/local/lib/ -Wno-maybe-uninitialized  -L/opt/local/lib/ conftest.c conftstm.o >&5
configure:6306: $? = 0
configure:6344: result: ok
configure:6637: checking for dsymutil
configure:6653: found /usr/bin/dsymutil
configure:6664: result: dsymutil
configure:6729: checking for nmedit
configure:6745: found /usr/bin/nmedit
configure:6756: result: nmedit
configure:6821: checking for lipo
configure:6837: found /usr/bin/lipo
configure:6848: result: lipo
configure:6913: checking for otool
configure:6929: found /usr/bin/otool
configure:6940: result: otool
configure:7005: checking for otool64
configure:7035: result: no
configure:7080: checking for -single_module linker flag
/opt/local/bin/mpicc-openmpi-gcc47 -mno-avx -L/opt/local/lib/ -Wno-maybe-uninitialized -L/opt/local/lib/ -o libconftest.dylib -dynamiclib -Wl,-single_module conftest.c
configure:7107: result: yes
configure:7109: checking for -exported_symbols_list linker flag
configure:7139: /opt/local/bin/mpicc-openmpi-gcc47 -o conftest -mno-avx -L/opt/local/lib/ -Wno-maybe-uninitialized  -L/opt/local/lib/ -Wl,-exported_symbols_list,conftest.sym conftest.c  >&5
configure:7146: $? = 0
configure:7168: result: yes
configure:7209: checking for dlfcn.h
configure:7230: /opt/local/bin/mpicc-openmpi-gcc47 -c -mno-avx -L/opt/local/lib/ -Wno-maybe-uninitialized  conftest.c >&5
configure:7237: $? = 0
configure:7254: result: yes
configure:7440: checking for objdir
configure:7455: result: .libs
configure:7751: checking if /opt/local/bin/mpicc-openmpi-gcc47 supports -fno-rtti -fno-exceptions
configure:7769: /opt/local/bin/mpicc-openmpi-gcc47 -c -mno-avx -L/opt/local/lib/ -Wno-maybe-uninitialized  -fno-rtti -fno-exceptions conftest.c >&5
cc1: warning: command line option '-fno-rtti' is valid for C++/ObjC++ but not for C [enabled by default]
configure:7773: $? = 0
configure:7786: result: no
configure:7806: checking for /opt/local/bin/mpicc-openmpi-gcc47 option to produce PIC
configure:8078: result: -fno-common -DPIC
configure:8090: checking if /opt/local/bin/mpicc-openmpi-gcc47 PIC flag -fno-common -DPIC works
configure:8108: /opt/local/bin/mpicc-openmpi-gcc47 -c -mno-avx -L/opt/local/lib/ -Wno-maybe-uninitialized  -fno-common -DPIC -DPIC conftest.c >&5
configure:8112: $? = 0
configure:8125: result: yes
configure:8149: checking if /opt/local/bin/mpicc-openmpi-gcc47 static flag -static works
configure:8177: result: no
configure:8192: checking if /opt/local/bin/mpicc-openmpi-gcc47 supports -c -o file.o
configure:8213: /opt/local/bin/mpicc-openmpi-gcc47 -c -mno-avx -L/opt/local/lib/ -Wno-maybe-uninitialized  -o out/conftest2.o conftest.c >&5
configure:8217: $? = 0
configure:8239: result: yes
configure:8247: checking if /opt/local/bin/mpicc-openmpi-gcc47 supports -c -o file.o
configure:8294: result: yes
configure:8327: checking whether the /opt/local/bin/mpicc-openmpi-gcc47 linker (/opt/local/bin/ld) supports shared libraries
configure:9401: result: yes
configure:9640: checking dynamic linker characteristics
configure:10326: result: darwin13.1.0 dyld
configure:10428: checking how to hardcode library paths into programs
configure:10453: result: immediate
configure:11286: checking whether stripping libraries is possible
configure:11300: result: yes
configure:11326: checking if libtool supports shared libraries
configure:11328: result: yes
configure:11331: checking whether to build shared libraries
configure:11352: result: yes
configure:11355: checking whether to build static libraries
configure:11359: result: yes
configure:11403: checking for /opt/local/bin/mpicc-openmpi-gcc47 option to accept ISO C99
configure:11562: /opt/local/bin/mpicc-openmpi-gcc47  -c -Wall -g -mno-avx -L/opt/local/lib/ -Wno-maybe-uninitialized  conftest.c >&5
conftest.c:77:29: error: expected ';', ',' or ')' before 'text'
conftest.c: In function 'test_varargs':
conftest.c:98:9: warning: variable 'fnumber' set but not used [-Wunused-but-set-variable]
conftest.c:97:7: warning: variable 'number' set but not used [-Wunused-but-set-variable]
conftest.c:96:15: warning: variable 'str' set but not used [-Wunused-but-set-variable]
conftest.c: In function 'main':
conftest.c:129:3: warning: implicit declaration of function 'test_restrict' [-Wimplicit-function-declaration]
conftest.c:131:18: error: expected '=', ',', ';', 'asm' or '__attribute__' before 'newvar'
conftest.c:131:18: error: 'newvar' undeclared (first use in this function)
conftest.c:131:18: note: each undeclared identifier is reported only once for each function it appears in
conftest.c:141:3: error: 'for' loop initial declarations are only allowed in C99 mode
conftest.c:141:3: note: use option -std=c99 or -std=gnu99 to compile your code
configure:11569: $? = 1
configure: failed program was:
| /* confdefs.h.  */
| #define PACKAGE_NAME ""
| #define PACKAGE_TARNAME ""
| #define PACKAGE_VERSION ""
| #define PACKAGE_STRING ""
| #define PACKAGE_BUGREPORT ""
| #define PACKAGE "mdcore"
| #define VERSION "VERSION"
| #define STDC_HEADERS 1
| #define HAVE_SYS_TYPES_H 1
| #define HAVE_SYS_STAT_H 1
| #define HAVE_STDLIB_H 1
| #define HAVE_STRING_H 1
| #define HAVE_MEMORY_H 1
| #define HAVE_STRINGS_H 1
| #define HAVE_INTTYPES_H 1
| #define HAVE_STDINT_H 1
| #define HAVE_UNISTD_H 1
| #define __EXTENSIONS__ 1
| #define _ALL_SOURCE 1
| #define _GNU_SOURCE 1
| #define _POSIX_PTHREAD_SEMANTICS 1
| #define _TANDEM_SOURCE 1
| #define HAVE_DLFCN_H 1
| #define LT_OBJDIR ".libs/"
| /* end confdefs.h.  */
| #include <stdarg.h>
| #include <stdbool.h>
| #include <stdlib.h>
| #include <wchar.h>
| #include <stdio.h>
| 
| // Check varargs macros.  These examples are taken from C99 6.10.3.5.
| #define debug(...) fprintf (stderr, __VA_ARGS__)
| #define showlist(...) puts (#__VA_ARGS__)
| #define report(test,...) ((test) ? puts (#test) : printf (__VA_ARGS__))
| static void
| test_varargs_macros (void)
| {
|   int x = 1234;
|   int y = 5678;
|   debug ("Flag");
|   debug ("X = %d\n", x);
|   showlist (The first, second, and third items.);
|   report (x>y, "x is %d but y is %d", x, y);
| }
| 
| // Check long long types.
| #define BIG64 18446744073709551615ull
| #define BIG32 4294967295ul
| #define BIG_OK (BIG64 / BIG32 == 4294967297ull && BIG64 % BIG32 == 0)
| #if !BIG_OK
|   your preprocessor is broken;
| #endif
| #if BIG_OK
| #else
|   your preprocessor is broken;
| #endif
| static long long int bignum = -9223372036854775807LL;
| static unsigned long long int ubignum = BIG64;
| 
| struct incomplete_array
| {
|   int datasize;
|   double data[];
| };
| 
| struct named_init {
|   int number;
|   const wchar_t *name;
|   double average;
| };
| 
| typedef const char *ccp;
| 
| static inline int
| test_restrict (ccp restrict text)
| {
|   // See if C++-style comments work.
|   // Iterate through items via the restricted pointer.
|   // Also check for declarations in for loops.
|   for (unsigned int i = 0; *(text+i) != '\0'; ++i)
|     continue;
|   return 0;
| }
| 
| // Check varargs and va_copy.
| static void
| test_varargs (const char *format, ...)
| {
|   va_list args;
|   va_start (args, format);
|   va_list args_copy;
|   va_copy (args_copy, args);
| 
|   const char *str;
|   int number;
|   float fnumber;
| 
|   while (*format)
|     {
|       switch (*format++)
| 	{
| 	case 's': // string
| 	  str = va_arg (args_copy, const char *);
| 	  break;
| 	case 'd': // int
| 	  number = va_arg (args_copy, int);
| 	  break;
| 	case 'f': // float
| 	  fnumber = va_arg (args_copy, double);
| 	  break;
| 	default:
| 	  break;
| 	}
|     }
|   va_end (args_copy);
|   va_end (args);
| }
| 
| int
| main ()
| {
| 
|   // Check bool.
|   _Bool success = false;
| 
|   // Check restrict.
|   if (test_restrict ("String literal") == 0)
|     success = true;
|   char *restrict newvar = "Another string";
| 
|   // Check varargs.
|   test_varargs ("s, d' f .", "string", 65, 34.234);
|   test_varargs_macros ();
| 
|   // Check flexible array members.
|   struct incomplete_array *ia =
|     malloc (sizeof (struct incomplete_array) + (sizeof (double) * 10));
|   ia->datasize = 10;
|   for (int i = 0; i < ia->datasize; ++i)
|     ia->data[i] = i * 1.234;
| 
|   // Check named initializers.
|   struct named_init ni = {
|     .number = 34,
|     .name = L"Test wide string",
|     .average = 543.34343,
|   };
| 
|   ni.number = 58;
| 
|   int dynamic_array[ni.number];
|   dynamic_array[ni.number - 1] = 543;
| 
|   // work around unused variable warnings
|   return (!success || bignum == 0LL || ubignum == 0uLL || newvar[0] == 'x'
| 	  || dynamic_array[ni.number - 1] != 543);
| 
|   ;
|   return 0;
| }
configure:11562: /opt/local/bin/mpicc-openmpi-gcc47 -std=gnu99 -c -Wall -g -mno-avx -L/opt/local/lib/ -Wno-maybe-uninitialized  conftest.c >&5
conftest.c: In function 'test_varargs':
conftest.c:98:9: warning: variable 'fnumber' set but not used [-Wunused-but-set-variable]
conftest.c:97:7: warning: variable 'number' set but not used [-Wunused-but-set-variable]
conftest.c:96:15: warning: variable 'str' set but not used [-Wunused-but-set-variable]
configure:11569: $? = 0
configure:11599: result: -std=gnu99
configure:11612: checking for working posix_memalign
configure:11646: /opt/local/bin/mpicc-openmpi-gcc47 -std=gnu99 -o conftest -Wall -g -mno-avx -L/opt/local/lib/ -Wno-maybe-uninitialized  -L/opt/local/lib/ conftest.c  >&5
configure:11650: $? = 0
configure:11656: ./conftest
configure:11660: $? = 0
configure:11677: result: yes
configure:11699: checking for gcc architecture flag
configure:11701: result: 
configure:11723: checking for x86 cpuid 0 output
configure:11762: /opt/local/bin/mpicc-openmpi-gcc47 -std=gnu99 -o conftest -Wall -g -mno-avx -L/opt/local/lib/ -Wno-maybe-uninitialized  -L/opt/local/lib/ conftest.c  >&5
configure:11766: $? = 0
configure:11772: ./conftest
configure:11776: $? = 0
configure:11793: result: d:756e6547:6c65746e:49656e69
configure:11809: checking for x86 cpuid 1 output
configure:11848: /opt/local/bin/mpicc-openmpi-gcc47 -std=gnu99 -o conftest -Wall -g -mno-avx -L/opt/local/lib/ -Wno-maybe-uninitialized  -L/opt/local/lib/ conftest.c  >&5
configure:11852: $? = 0
configure:11858: ./conftest
configure:11862: $? = 0
configure:11879: result: 40661:100800:7ffafbff:bfebfbff
configure:12124: checking whether C compiler accepts -mtune=pentium2
configure:12149: /opt/local/bin/mpicc-openmpi-gcc47 -std=gnu99 -c -mtune=pentium2  conftest.c >&5
conftest.c:1:0: error: CPU you selected does not support x86-64 instruction set
configure:12156: $? = 1
configure: failed program was:
| /* confdefs.h.  */
| #define PACKAGE_NAME ""
| #define PACKAGE_TARNAME ""
| #define PACKAGE_VERSION ""
| #define PACKAGE_STRING ""
| #define PACKAGE_BUGREPORT ""
| #define PACKAGE "mdcore"
| #define VERSION "VERSION"
| #define STDC_HEADERS 1
| #define HAVE_SYS_TYPES_H 1
| #define HAVE_SYS_STAT_H 1
| #define HAVE_STDLIB_H 1
| #define HAVE_STRING_H 1
| #define HAVE_MEMORY_H 1
| #define HAVE_STRINGS_H 1
| #define HAVE_INTTYPES_H 1
| #define HAVE_STDINT_H 1
| #define HAVE_UNISTD_H 1
| #define __EXTENSIONS__ 1
| #define _ALL_SOURCE 1
| #define _GNU_SOURCE 1
| #define _POSIX_PTHREAD_SEMANTICS 1
| #define _TANDEM_SOURCE 1
| #define HAVE_DLFCN_H 1
| #define LT_OBJDIR ".libs/"
| #define HAVE_POSIX_MEMALIGN 1
| /* end confdefs.h.  */
| 
| int
| main ()
| {
| 
|   ;
|   return 0;
| }
configure:12172: result: no
configure:12124: checking whether C compiler accepts -mcpu=pentium2
configure:12149: /opt/local/bin/mpicc-openmpi-gcc47 -std=gnu99 -c -mcpu=pentium2  conftest.c >&5
gcc-mp-4.7: warning: '-mcpu=' is deprecated; use '-mtune=' or '-march=' instead
conftest.c:1:0: error: CPU you selected does not support x86-64 instruction set
configure:12156: $? = 1
configure: failed program was:
| /* confdefs.h.  */
| #define PACKAGE_NAME ""
| #define PACKAGE_TARNAME ""
| #define PACKAGE_VERSION ""
| #define PACKAGE_STRING ""
| #define PACKAGE_BUGREPORT ""
| #define PACKAGE "mdcore"
| #define VERSION "VERSION"
| #define STDC_HEADERS 1
| #define HAVE_SYS_TYPES_H 1
| #define HAVE_SYS_STAT_H 1
| #define HAVE_STDLIB_H 1
| #define HAVE_STRING_H 1
| #define HAVE_MEMORY_H 1
| #define HAVE_STRINGS_H 1
| #define HAVE_INTTYPES_H 1
| #define HAVE_STDINT_H 1
| #define HAVE_UNISTD_H 1
| #define __EXTENSIONS__ 1
| #define _ALL_SOURCE 1
| #define _GNU_SOURCE 1
| #define _POSIX_PTHREAD_SEMANTICS 1
| #define _TANDEM_SOURCE 1
| #define HAVE_DLFCN_H 1
| #define LT_OBJDIR ".libs/"
| #define HAVE_POSIX_MEMALIGN 1
| /* end confdefs.h.  */
| 
| int
| main ()
| {
| 
|   ;
|   return 0;
| }
configure:12172: result: no
configure:12124: checking whether C compiler accepts -mpentium2
configure:12149: /opt/local/bin/mpicc-openmpi-gcc47 -std=gnu99 -c -mpentium2  conftest.c >&5
gcc-mp-4.7: error: unrecognized command line option '-mpentium2'
configure:12156: $? = 1
configure: failed program was:
| /* confdefs.h.  */
| #define PACKAGE_NAME ""
| #define PACKAGE_TARNAME ""
| #define PACKAGE_VERSION ""
| #define PACKAGE_STRING ""
| #define PACKAGE_BUGREPORT ""
| #define PACKAGE "mdcore"
| #define VERSION "VERSION"
| #define STDC_HEADERS 1
| #define HAVE_SYS_TYPES_H 1
| #define HAVE_SYS_STAT_H 1
| #define HAVE_STDLIB_H 1
| #define HAVE_STRING_H 1
| #define HAVE_MEMORY_H 1
| #define HAVE_STRINGS_H 1
| #define HAVE_INTTYPES_H 1
| #define HAVE_STDINT_H 1
| #define HAVE_UNISTD_H 1
| #define __EXTENSIONS__ 1
| #define _ALL_SOURCE 1
| #define _GNU_SOURCE 1
| #define _POSIX_PTHREAD_SEMANTICS 1
| #define _TANDEM_SOURCE 1
| #define HAVE_DLFCN_H 1
| #define LT_OBJDIR ".libs/"
| #define HAVE_POSIX_MEMALIGN 1
| /* end confdefs.h.  */
| 
| int
| main ()
| {
| 
|   ;
|   return 0;
| }
configure:12172: result: no
configure:12124: checking whether C compiler accepts -mtune=pentiumpro
configure:12149: /opt/local/bin/mpicc-openmpi-gcc47 -std=gnu99 -c -mtune=pentiumpro  conftest.c >&5
conftest.c:1:0: error: CPU you selected does not support x86-64 instruction set
configure:12156: $? = 1
configure: failed program was:
| /* confdefs.h.  */
| #define PACKAGE_NAME ""
| #define PACKAGE_TARNAME ""
| #define PACKAGE_VERSION ""
| #define PACKAGE_STRING ""
| #define PACKAGE_BUGREPORT ""
| #define PACKAGE "mdcore"
| #define VERSION "VERSION"
| #define STDC_HEADERS 1
| #define HAVE_SYS_TYPES_H 1
| #define HAVE_SYS_STAT_H 1
| #define HAVE_STDLIB_H 1
| #define HAVE_STRING_H 1
| #define HAVE_MEMORY_H 1
| #define HAVE_STRINGS_H 1
| #define HAVE_INTTYPES_H 1
| #define HAVE_STDINT_H 1
| #define HAVE_UNISTD_H 1
| #define __EXTENSIONS__ 1
| #define _ALL_SOURCE 1
| #define _GNU_SOURCE 1
| #define _POSIX_PTHREAD_SEMANTICS 1
| #define _TANDEM_SOURCE 1
| #define HAVE_DLFCN_H 1
| #define LT_OBJDIR ".libs/"
| #define HAVE_POSIX_MEMALIGN 1
| /* end confdefs.h.  */
| 
| int
| main ()
| {
| 
|   ;
|   return 0;
| }
configure:12172: result: no
configure:12124: checking whether C compiler accepts -mcpu=pentiumpro
configure:12149: /opt/local/bin/mpicc-openmpi-gcc47 -std=gnu99 -c -mcpu=pentiumpro  conftest.c >&5
gcc-mp-4.7: warning: '-mcpu=' is deprecated; use '-mtune=' or '-march=' instead
conftest.c:1:0: error: CPU you selected does not support x86-64 instruction set
configure:12156: $? = 1
configure: failed program was:
| /* confdefs.h.  */
| #define PACKAGE_NAME ""
| #define PACKAGE_TARNAME ""
| #define PACKAGE_VERSION ""
| #define PACKAGE_STRING ""
| #define PACKAGE_BUGREPORT ""
| #define PACKAGE "mdcore"
| #define VERSION "VERSION"
| #define STDC_HEADERS 1
| #define HAVE_SYS_TYPES_H 1
| #define HAVE_SYS_STAT_H 1
| #define HAVE_STDLIB_H 1
| #define HAVE_STRING_H 1
| #define HAVE_MEMORY_H 1
| #define HAVE_STRINGS_H 1
| #define HAVE_INTTYPES_H 1
| #define HAVE_STDINT_H 1
| #define HAVE_UNISTD_H 1
| #define __EXTENSIONS__ 1
| #define _ALL_SOURCE 1
| #define _GNU_SOURCE 1
| #define _POSIX_PTHREAD_SEMANTICS 1
| #define _TANDEM_SOURCE 1
| #define HAVE_DLFCN_H 1
| #define LT_OBJDIR ".libs/"
| #define HAVE_POSIX_MEMALIGN 1
| /* end confdefs.h.  */
| 
| int
| main ()
| {
| 
|   ;
|   return 0;
| }
configure:12172: result: no
configure:12124: checking whether C compiler accepts -mpentiumpro
configure:12149: /opt/local/bin/mpicc-openmpi-gcc47 -std=gnu99 -c -mpentiumpro  conftest.c >&5
gcc-mp-4.7: error: unrecognized command line option '-mpentiumpro'
configure:12156: $? = 1
configure: failed program was:
| /* confdefs.h.  */
| #define PACKAGE_NAME ""
| #define PACKAGE_TARNAME ""
| #define PACKAGE_VERSION ""
| #define PACKAGE_STRING ""
| #define PACKAGE_BUGREPORT ""
| #define PACKAGE "mdcore"
| #define VERSION "VERSION"
| #define STDC_HEADERS 1
| #define HAVE_SYS_TYPES_H 1
| #define HAVE_SYS_STAT_H 1
| #define HAVE_STDLIB_H 1
| #define HAVE_STRING_H 1
| #define HAVE_MEMORY_H 1
| #define HAVE_STRINGS_H 1
| #define HAVE_INTTYPES_H 1
| #define HAVE_STDINT_H 1
| #define HAVE_UNISTD_H 1
| #define __EXTENSIONS__ 1
| #define _ALL_SOURCE 1
| #define _GNU_SOURCE 1
| #define _POSIX_PTHREAD_SEMANTICS 1
| #define _TANDEM_SOURCE 1
| #define HAVE_DLFCN_H 1
| #define LT_OBJDIR ".libs/"
| #define HAVE_POSIX_MEMALIGN 1
| /* end confdefs.h.  */
| 
| int
| main ()
| {
| 
|   ;
|   return 0;
| }
configure:12172: result: no
configure:12189: checking for gcc architecture flag
configure:12191: result: unknown
configure:12209: checking for x86 cpuid 0x00000001 output
configure:12248: /opt/local/bin/mpicc-openmpi-gcc47 -std=gnu99 -o conftest -Wall -g -mno-avx -L/opt/local/lib/ -Wno-maybe-uninitialized  -L/opt/local/lib/ conftest.c  >&5
configure:12252: $? = 0
configure:12258: ./conftest
configure:12262: $? = 0
configure:12279: result: 40661:2100800:7ffafbff:bfebfbff
configure:12291: checking whether mmx is supported
configure:12303: result: yes
configure:12306: checking whether sse is supported
configure:12318: result: yes
configure:12321: checking whether sse2 is supported
configure:12333: result: yes
configure:12336: checking whether sse3 is supported
configure:12348: result: yes
configure:12351: checking whether ssse3 is supported
configure:12363: result: yes
configure:12366: checking whether sse4.1 is supported
configure:12378: result: yes
configure:12381: checking whether sse4.2 is supported
configure:12393: result: yes
configure:12396: checking whether avx is supported
configure:12408: result: yes
configure:12417: checking whether C compiler accepts -mmmx
configure:12446: /opt/local/bin/mpicc-openmpi-gcc47 -std=gnu99 -c -Wall -g -mno-avx -L/opt/local/lib/ -Wno-maybe-uninitialized  -mmmx  conftest.c >&5
configure:12453: $? = 0
configure:12469: result: yes
configure:12486: checking whether C compiler accepts -msse
configure:12515: /opt/local/bin/mpicc-openmpi-gcc47 -std=gnu99 -c -Wall -g -mno-avx -L/opt/local/lib/ -Wno-maybe-uninitialized  -msse  conftest.c >&5
configure:12522: $? = 0
configure:12538: result: yes
configure:12555: checking whether C compiler accepts -msse2
configure:12584: /opt/local/bin/mpicc-openmpi-gcc47 -std=gnu99 -c -Wall -g -mno-avx -L/opt/local/lib/ -Wno-maybe-uninitialized  -msse2  conftest.c >&5
configure:12591: $? = 0
configure:12607: result: yes
configure:12624: checking whether C compiler accepts -msse3
configure:12653: /opt/local/bin/mpicc-openmpi-gcc47 -std=gnu99 -c -Wall -g -mno-avx -L/opt/local/lib/ -Wno-maybe-uninitialized  -msse3  conftest.c >&5
configure:12660: $? = 0
configure:12676: result: yes
configure:12693: checking whether C compiler accepts -mssse3
configure:12722: /opt/local/bin/mpicc-openmpi-gcc47 -std=gnu99 -c -Wall -g -mno-avx -L/opt/local/lib/ -Wno-maybe-uninitialized  -mssse3  conftest.c >&5
configure:12729: $? = 0
configure:12745: result: yes
configure:12762: checking whether C compiler accepts -msse4.1
configure:12791: /opt/local/bin/mpicc-openmpi-gcc47 -std=gnu99 -c -Wall -g -mno-avx -L/opt/local/lib/ -Wno-maybe-uninitialized  -msse4.1  conftest.c >&5
configure:12798: $? = 0
configure:12814: result: yes
configure:12831: checking whether C compiler accepts -msse4.2
configure:12860: /opt/local/bin/mpicc-openmpi-gcc47 -std=gnu99 -c -Wall -g -mno-avx -L/opt/local/lib/ -Wno-maybe-uninitialized  -msse4.2  conftest.c >&5
configure:12867: $? = 0
configure:12883: result: yes
configure:12900: checking whether C compiler accepts -mavx
configure:12929: /opt/local/bin/mpicc-openmpi-gcc47 -std=gnu99 -c -Wall -g -mno-avx -L/opt/local/lib/ -Wno-maybe-uninitialized  -mavx  conftest.c >&5
configure:12936: $? = 0
configure:12952: result: yes
configure:12982: checking for a BSD-compatible install
configure:13050: result: /usr/bin/install -c
configure:13061: checking whether make sets $(MAKE)
configure:13083: result: yes
configure:13092: checking for ANSI C header files
configure:13260: result: yes
configure:13274: checking for sqrt in -lm
configure:13309: /opt/local/bin/mpicc-openmpi-gcc47 -std=gnu99 -o conftest -Wall -g -mno-avx -L/opt/local/lib/ -Wno-maybe-uninitialized  -L/opt/local/lib/ conftest.c -lm   >&5
conftest.c:44:6: warning: conflicting types for built-in function 'sqrt' [enabled by default]
configure:13316: $? = 0
configure:13337: result: yes
configure:13551: checking for the pthreads library -lpthreads
configure:13594: /opt/local/bin/mpicc-openmpi-gcc47 -std=gnu99 -o conftest -Wall -g -mno-avx -L/opt/local/lib/ -Wno-maybe-uninitialized   -L/opt/local/lib/ conftest.c -lpthreads -lm  >&5
conftest.c: In function 'main':
conftest.c:42:27: warning: 'th' is used uninitialized in this function [-Wuninitialized]
ld: library not found for -lpthreads
collect2: error: ld returned 1 exit status
configure:13601: $? = 1
configure: failed program was:
| /* confdefs.h.  */
| #define PACKAGE_NAME ""
| #define PACKAGE_TARNAME ""
| #define PACKAGE_VERSION ""
| #define PACKAGE_STRING ""
| #define PACKAGE_BUGREPORT ""
| #define PACKAGE "mdcore"
| #define VERSION "VERSION"
| #define STDC_HEADERS 1
| #define HAVE_SYS_TYPES_H 1
| #define HAVE_SYS_STAT_H 1
| #define HAVE_STDLIB_H 1
| #define HAVE_STRING_H 1
| #define HAVE_MEMORY_H 1
| #define HAVE_STRINGS_H 1
| #define HAVE_INTTYPES_H 1
| #define HAVE_STDINT_H 1
| #define HAVE_UNISTD_H 1
| #define __EXTENSIONS__ 1
| #define _ALL_SOURCE 1
| #define _GNU_SOURCE 1
| #define _POSIX_PTHREAD_SEMANTICS 1
| #define _TANDEM_SOURCE 1
| #define HAVE_DLFCN_H 1
| #define LT_OBJDIR ".libs/"
| #define HAVE_POSIX_MEMALIGN 1
| #define HAVE_MMX /**/
| #define HAVE_SSE /**/
| #define HAVE_SSE2 /**/
| #define HAVE_SSE3 /**/
| #define HAVE_SSSE3 /**/
| #define HAVE_SSE41 /**/
| #define HAVE_SSE42 1
| #define HAVE_AVX /**/
| #define STDC_HEADERS 1
| #define HAVE_LIBM 1
| /* end confdefs.h.  */
| #include <pthread.h>
| int
| main ()
| {
| pthread_t th; pthread_join(th, 0);
|                      pthread_attr_init(0); pthread_cleanup_push(0, 0);
|                      pthread_create(0,0,0,0); pthread_cleanup_pop(0);
|   ;
|   return 0;
| }
configure:13624: result: no
configure:13496: checking whether pthreads work without any flags
configure:13594: /opt/local/bin/mpicc-openmpi-gcc47 -std=gnu99 -o conftest -Wall -g -mno-avx -L/opt/local/lib/ -Wno-maybe-uninitialized   -L/opt/local/lib/ conftest.c  -lm  >&5
conftest.c: In function 'main':
conftest.c:42:27: warning: 'th' is used uninitialized in this function [-Wuninitialized]
configure:13601: $? = 0
configure:13624: result: yes
configure:13643: checking for joinable pthread attribute
configure:13668: /opt/local/bin/mpicc-openmpi-gcc47 -std=gnu99 -o conftest -Wall -g -mno-avx -L/opt/local/lib/ -Wno-maybe-uninitialized   -L/opt/local/lib/ conftest.c  -lm  >&5
configure:13675: $? = 0
configure:13695: result: PTHREAD_CREATE_JOINABLE
configure:13705: checking if more special flags are required for pthreads
configure:13712: result: -D_THREAD_SAFE
configure:13806: checking for minix/config.h
configure:13811: result: no
configure:13959: checking whether it is safe to define __EXTENSIONS__
configure:14009: result: yes
configure:14033: checking for pthread_setaffinity_np 
configure:14089: /opt/local/bin/mpicc-openmpi-gcc47 -std=gnu99 -o conftest -Wall -g -mno-avx -L/opt/local/lib/ -Wno-maybe-uninitialized -D_THREAD_SAFE     -lm  conftest.c  -lm  >&5
Undefined symbols for architecture x86_64:
  "_pthread_setaffinity_np", referenced from:
      _main in cchXDIsj.o
ld: symbol(s) not found for architecture x86_64
collect2: error: ld returned 1 exit status
configure:14096: $? = 1
configure: failed program was:
| /* confdefs.h.  */
| #define PACKAGE_NAME ""
| #define PACKAGE_TARNAME ""
| #define PACKAGE_VERSION ""
| #define PACKAGE_STRING ""
| #define PACKAGE_BUGREPORT ""
| #define PACKAGE "mdcore"
| #define VERSION "VERSION"
| #define STDC_HEADERS 1
| #define HAVE_SYS_TYPES_H 1
| #define HAVE_SYS_STAT_H 1
| #define HAVE_STDLIB_H 1
| #define HAVE_STRING_H 1
| #define HAVE_MEMORY_H 1
| #define HAVE_STRINGS_H 1
| #define HAVE_INTTYPES_H 1
| #define HAVE_STDINT_H 1
| #define HAVE_UNISTD_H 1
| #define __EXTENSIONS__ 1
| #define _ALL_SOURCE 1
| #define _GNU_SOURCE 1
| #define _POSIX_PTHREAD_SEMANTICS 1
| #define _TANDEM_SOURCE 1
| #define HAVE_DLFCN_H 1
| #define LT_OBJDIR ".libs/"
| #define HAVE_POSIX_MEMALIGN 1
| #define HAVE_MMX /**/
| #define HAVE_SSE /**/
| #define HAVE_SSE2 /**/
| #define HAVE_SSE3 /**/
| #define HAVE_SSSE3 /**/
| #define HAVE_SSE41 /**/
| #define HAVE_SSE42 1
| #define HAVE_AVX /**/
| #define STDC_HEADERS 1
| #define HAVE_LIBM 1
| #define __EXTENSIONS__ 1
| #define _ALL_SOURCE 1
| #define _GNU_SOURCE 1
| #define _POSIX_PTHREAD_SEMANTICS 1
| #define _TANDEM_SOURCE 1
| /* end confdefs.h.  */
| /* Define pthread_setaffinity_np  to an innocuous variant, in case <limits.h> declares pthread_setaffinity_np .
|    For example, HP-UX 11i <limits.h> declares gettimeofday.  */
| #define pthread_setaffinity_np  innocuous_pthread_setaffinity_np
| 
| /* System header to define __stub macros and hopefully few prototypes,
|     which can conflict with char pthread_setaffinity_np  (); below.
|     Prefer <limits.h> to <assert.h> if __STDC__ is defined, since
|     <limits.h> exists even on freestanding compilers.  */
| 
| #ifdef __STDC__
| # include <limits.h>
| #else
| # include <assert.h>
| #endif
| 
| #undef pthread_setaffinity_np
| 
| /* Override any GCC internal prototype to avoid an error.
|    Use char because int might match the return type of a GCC
|    builtin and then its argument prototype would still apply.  */
| #ifdef __cplusplus
| extern "C"
| #endif
| char pthread_setaffinity_np  ();
| /* The GNU C library defines this for functions which it implements
|     to always fail with ENOSYS.  Some functions are actually named
|     something starting with __ and the normal name is an alias.  */
| #if defined __stub_pthread_setaffinity_np  || defined __stub___pthread_setaffinity_np
| choke me
| #endif
| 
| int
| main ()
| {
| return pthread_setaffinity_np  ();
|   ;
|   return 0;
| }
configure:14116: result: no
configure:14129: checking for inline
configure:14155: /opt/local/bin/mpicc-openmpi-gcc47 -std=gnu99 -c -Wall -g -mno-avx -L/opt/local/lib/ -Wno-maybe-uninitialized -D_THREAD_SAFE   conftest.c >&5
configure:14162: $? = 0
configure:14180: result: inline
configure:14199: checking whether time.h and sys/time.h may both be included
configure:14229: /opt/local/bin/mpicc-openmpi-gcc47 -std=gnu99 -c -Wall -g -mno-avx -L/opt/local/lib/ -Wno-maybe-uninitialized -D_THREAD_SAFE   conftest.c >&5
configure:14236: $? = 0
configure:14251: result: yes
configure:14280: checking sys/time.h usability
configure:14297: /opt/local/bin/mpicc-openmpi-gcc47 -std=gnu99 -c -Wall -g -mno-avx -L/opt/local/lib/ -Wno-maybe-uninitialized -D_THREAD_SAFE   conftest.c >&5
configure:14304: $? = 0
configure:14318: result: yes
configure:14322: checking sys/time.h presence
configure:14337: /opt/local/bin/mpicc-openmpi-gcc47 -E  conftest.c
configure:14344: $? = 0
configure:14358: result: yes
configure:14386: checking for sys/time.h
configure:14395: result: yes
configure:14280: checking c_asm.h usability
configure:14297: /opt/local/bin/mpicc-openmpi-gcc47 -std=gnu99 -c -Wall -g -mno-avx -L/opt/local/lib/ -Wno-maybe-uninitialized -D_THREAD_SAFE   conftest.c >&5
conftest.c:78:19: fatal error: c_asm.h: No such file or directory
compilation terminated.
configure:14304: $? = 1
configure: failed program was:
| /* confdefs.h.  */
| #define PACKAGE_NAME ""
| #define PACKAGE_TARNAME ""
| #define PACKAGE_VERSION ""
| #define PACKAGE_STRING ""
| #define PACKAGE_BUGREPORT ""
| #define PACKAGE "mdcore"
| #define VERSION "VERSION"
| #define STDC_HEADERS 1
| #define HAVE_SYS_TYPES_H 1
| #define HAVE_SYS_STAT_H 1
| #define HAVE_STDLIB_H 1
| #define HAVE_STRING_H 1
| #define HAVE_MEMORY_H 1
| #define HAVE_STRINGS_H 1
| #define HAVE_INTTYPES_H 1
| #define HAVE_STDINT_H 1
| #define HAVE_UNISTD_H 1
| #define __EXTENSIONS__ 1
| #define _ALL_SOURCE 1
| #define _GNU_SOURCE 1
| #define _POSIX_PTHREAD_SEMANTICS 1
| #define _TANDEM_SOURCE 1
| #define HAVE_DLFCN_H 1
| #define LT_OBJDIR ".libs/"
| #define HAVE_POSIX_MEMALIGN 1
| #define HAVE_MMX /**/
| #define HAVE_SSE /**/
| #define HAVE_SSE2 /**/
| #define HAVE_SSE3 /**/
| #define HAVE_SSSE3 /**/
| #define HAVE_SSE41 /**/
| #define HAVE_SSE42 1
| #define HAVE_AVX /**/
| #define STDC_HEADERS 1
| #define HAVE_LIBM 1
| #define __EXTENSIONS__ 1
| #define _ALL_SOURCE 1
| #define _GNU_SOURCE 1
| #define _POSIX_PTHREAD_SEMANTICS 1
| #define _TANDEM_SOURCE 1
| #define TIME_WITH_SYS_TIME 1
| #define HAVE_SYS_TIME_H 1
| /* end confdefs.h.  */
| #include <stdio.h>
| #ifdef HAVE_SYS_TYPES_H
| # include <sys/types.h>
| #endif
| #ifdef HAVE_SYS_STAT_H
| # include <sys/stat.h>
| #endif
| #ifdef STDC_HEADERS
| # include <stdlib.h>
| # include <stddef.h>
| #else
| # ifdef HAVE_STDLIB_H
| #  include <stdlib.h>
| # endif
| #endif
| #ifdef HAVE_STRING_H
| # if !defined STDC_HEADERS && defined HAVE_MEMORY_H
| #  include <memory.h>
| # endif
| # include <string.h>
| #endif
| #ifdef HAVE_STRINGS_H
| # include <strings.h>
| #endif
| #ifdef HAVE_INTTYPES_H
| # include <inttypes.h>
| #endif
| #ifdef HAVE_STDINT_H
| # include <stdint.h>
| #endif
| #ifdef HAVE_UNISTD_H
| # include <unistd.h>
| #endif
| #include <c_asm.h>
configure:14318: result: no
configure:14322: checking c_asm.h presence
configure:14337: /opt/local/bin/mpicc-openmpi-gcc47 -E  conftest.c
conftest.c:45:19: fatal error: c_asm.h: No such file or directory
compilation terminated.
configure:14344: $? = 1
configure: failed program was:
| /* confdefs.h.  */
| #define PACKAGE_NAME ""
| #define PACKAGE_TARNAME ""
| #define PACKAGE_VERSION ""
| #define PACKAGE_STRING ""
| #define PACKAGE_BUGREPORT ""
| #define PACKAGE "mdcore"
| #define VERSION "VERSION"
| #define STDC_HEADERS 1
| #define HAVE_SYS_TYPES_H 1
| #define HAVE_SYS_STAT_H 1
| #define HAVE_STDLIB_H 1
| #define HAVE_STRING_H 1
| #define HAVE_MEMORY_H 1
| #define HAVE_STRINGS_H 1
| #define HAVE_INTTYPES_H 1
| #define HAVE_STDINT_H 1
| #define HAVE_UNISTD_H 1
| #define __EXTENSIONS__ 1
| #define _ALL_SOURCE 1
| #define _GNU_SOURCE 1
| #define _POSIX_PTHREAD_SEMANTICS 1
| #define _TANDEM_SOURCE 1
| #define HAVE_DLFCN_H 1
| #define LT_OBJDIR ".libs/"
| #define HAVE_POSIX_MEMALIGN 1
| #define HAVE_MMX /**/
| #define HAVE_SSE /**/
| #define HAVE_SSE2 /**/
| #define HAVE_SSE3 /**/
| #define HAVE_SSSE3 /**/
| #define HAVE_SSE41 /**/
| #define HAVE_SSE42 1
| #define HAVE_AVX /**/
| #define STDC_HEADERS 1
| #define HAVE_LIBM 1
| #define __EXTENSIONS__ 1
| #define _ALL_SOURCE 1
| #define _GNU_SOURCE 1
| #define _POSIX_PTHREAD_SEMANTICS 1
| #define _TANDEM_SOURCE 1
| #define TIME_WITH_SYS_TIME 1
| #define HAVE_SYS_TIME_H 1
| /* end confdefs.h.  */
| #include <c_asm.h>
configure:14358: result: no
configure:14386: checking for c_asm.h
configure:14395: result: no
configure:14280: checking intrinsics.h usability
configure:14297: /opt/local/bin/mpicc-openmpi-gcc47 -std=gnu99 -c -Wall -g -mno-avx -L/opt/local/lib/ -Wno-maybe-uninitialized -D_THREAD_SAFE   conftest.c >&5
conftest.c:78:24: fatal error: intrinsics.h: No such file or directory
compilation terminated.
configure:14304: $? = 1
configure: failed program was:
| /* confdefs.h.  */
| #define PACKAGE_NAME ""
| #define PACKAGE_TARNAME ""
| #define PACKAGE_VERSION ""
| #define PACKAGE_STRING ""
| #define PACKAGE_BUGREPORT ""
| #define PACKAGE "mdcore"
| #define VERSION "VERSION"
| #define STDC_HEADERS 1
| #define HAVE_SYS_TYPES_H 1
| #define HAVE_SYS_STAT_H 1
| #define HAVE_STDLIB_H 1
| #define HAVE_STRING_H 1
| #define HAVE_MEMORY_H 1
| #define HAVE_STRINGS_H 1
| #define HAVE_INTTYPES_H 1
| #define HAVE_STDINT_H 1
| #define HAVE_UNISTD_H 1
| #define __EXTENSIONS__ 1
| #define _ALL_SOURCE 1
| #define _GNU_SOURCE 1
| #define _POSIX_PTHREAD_SEMANTICS 1
| #define _TANDEM_SOURCE 1
| #define HAVE_DLFCN_H 1
| #define LT_OBJDIR ".libs/"
| #define HAVE_POSIX_MEMALIGN 1
| #define HAVE_MMX /**/
| #define HAVE_SSE /**/
| #define HAVE_SSE2 /**/
| #define HAVE_SSE3 /**/
| #define HAVE_SSSE3 /**/
| #define HAVE_SSE41 /**/
| #define HAVE_SSE42 1
| #define HAVE_AVX /**/
| #define STDC_HEADERS 1
| #define HAVE_LIBM 1
| #define __EXTENSIONS__ 1
| #define _ALL_SOURCE 1
| #define _GNU_SOURCE 1
| #define _POSIX_PTHREAD_SEMANTICS 1
| #define _TANDEM_SOURCE 1
| #define TIME_WITH_SYS_TIME 1
| #define HAVE_SYS_TIME_H 1
| /* end confdefs.h.  */
| #include <stdio.h>
| #ifdef HAVE_SYS_TYPES_H
| # include <sys/types.h>
| #endif
| #ifdef HAVE_SYS_STAT_H
| # include <sys/stat.h>
| #endif
| #ifdef STDC_HEADERS
| # include <stdlib.h>
| # include <stddef.h>
| #else
| # ifdef HAVE_STDLIB_H
| #  include <stdlib.h>
| # endif
| #endif
| #ifdef HAVE_STRING_H
| # if !defined STDC_HEADERS && defined HAVE_MEMORY_H
| #  include <memory.h>
| # endif
| # include <string.h>
| #endif
| #ifdef HAVE_STRINGS_H
| # include <strings.h>
| #endif
| #ifdef HAVE_INTTYPES_H
| # include <inttypes.h>
| #endif
| #ifdef HAVE_STDINT_H
| # include <stdint.h>
| #endif
| #ifdef HAVE_UNISTD_H
| # include <unistd.h>
| #endif
| #include <intrinsics.h>
configure:14318: result: no
configure:14322: checking intrinsics.h presence
configure:14337: /opt/local/bin/mpicc-openmpi-gcc47 -E  conftest.c
conftest.c:45:24: fatal error: intrinsics.h: No such file or directory
compilation terminated.
configure:14344: $? = 1
configure: failed program was:
| /* confdefs.h.  */
| #define PACKAGE_NAME ""
| #define PACKAGE_TARNAME ""
| #define PACKAGE_VERSION ""
| #define PACKAGE_STRING ""
| #define PACKAGE_BUGREPORT ""
| #define PACKAGE "mdcore"
| #define VERSION "VERSION"
| #define STDC_HEADERS 1
| #define HAVE_SYS_TYPES_H 1
| #define HAVE_SYS_STAT_H 1
| #define HAVE_STDLIB_H 1
| #define HAVE_STRING_H 1
| #define HAVE_MEMORY_H 1
| #define HAVE_STRINGS_H 1
| #define HAVE_INTTYPES_H 1
| #define HAVE_STDINT_H 1
| #define HAVE_UNISTD_H 1
| #define __EXTENSIONS__ 1
| #define _ALL_SOURCE 1
| #define _GNU_SOURCE 1
| #define _POSIX_PTHREAD_SEMANTICS 1
| #define _TANDEM_SOURCE 1
| #define HAVE_DLFCN_H 1
| #define LT_OBJDIR ".libs/"
| #define HAVE_POSIX_MEMALIGN 1
| #define HAVE_MMX /**/
| #define HAVE_SSE /**/
| #define HAVE_SSE2 /**/
| #define HAVE_SSE3 /**/
| #define HAVE_SSSE3 /**/
| #define HAVE_SSE41 /**/
| #define HAVE_SSE42 1
| #define HAVE_AVX /**/
| #define STDC_HEADERS 1
| #define HAVE_LIBM 1
| #define __EXTENSIONS__ 1
| #define _ALL_SOURCE 1
| #define _GNU_SOURCE 1
| #define _POSIX_PTHREAD_SEMANTICS 1
| #define _TANDEM_SOURCE 1
| #define TIME_WITH_SYS_TIME 1
| #define HAVE_SYS_TIME_H 1
| /* end confdefs.h.  */
| #include <intrinsics.h>
configure:14358: result: no
configure:14386: checking for intrinsics.h
configure:14395: result: no
configure:14280: checking mach/mach_time.h usability
configure:14297: /opt/local/bin/mpicc-openmpi-gcc47 -std=gnu99 -c -Wall -g -mno-avx -L/opt/local/lib/ -Wno-maybe-uninitialized -D_THREAD_SAFE   conftest.c >&5
configure:14304: $? = 0
configure:14318: result: yes
configure:14322: checking mach/mach_time.h presence
configure:14337: /opt/local/bin/mpicc-openmpi-gcc47 -E  conftest.c
configure:14344: $? = 0
configure:14358: result: yes
configure:14386: checking for mach/mach_time.h
configure:14395: result: yes
configure:14411: checking for hrtime_t
configure:14442: /opt/local/bin/mpicc-openmpi-gcc47 -std=gnu99 -c -Wall -g -mno-avx -L/opt/local/lib/ -Wno-maybe-uninitialized -D_THREAD_SAFE   conftest.c >&5
conftest.c: In function 'main':
conftest.c:53:13: error: 'hrtime_t' undeclared (first use in this function)
conftest.c:53:13: note: each undeclared identifier is reported only once for each function it appears in
configure:14449: $? = 1
configure: failed program was:
| /* confdefs.h.  */
| #define PACKAGE_NAME ""
| #define PACKAGE_TARNAME ""
| #define PACKAGE_VERSION ""
| #define PACKAGE_STRING ""
| #define PACKAGE_BUGREPORT ""
| #define PACKAGE "mdcore"
| #define VERSION "VERSION"
| #define STDC_HEADERS 1
| #define HAVE_SYS_TYPES_H 1
| #define HAVE_SYS_STAT_H 1
| #define HAVE_STDLIB_H 1
| #define HAVE_STRING_H 1
| #define HAVE_MEMORY_H 1
| #define HAVE_STRINGS_H 1
| #define HAVE_INTTYPES_H 1
| #define HAVE_STDINT_H 1
| #define HAVE_UNISTD_H 1
| #define __EXTENSIONS__ 1
| #define _ALL_SOURCE 1
| #define _GNU_SOURCE 1
| #define _POSIX_PTHREAD_SEMANTICS 1
| #define _TANDEM_SOURCE 1
| #define HAVE_DLFCN_H 1
| #define LT_OBJDIR ".libs/"
| #define HAVE_POSIX_MEMALIGN 1
| #define HAVE_MMX /**/
| #define HAVE_SSE /**/
| #define HAVE_SSE2 /**/
| #define HAVE_SSE3 /**/
| #define HAVE_SSSE3 /**/
| #define HAVE_SSE41 /**/
| #define HAVE_SSE42 1
| #define HAVE_AVX /**/
| #define STDC_HEADERS 1
| #define HAVE_LIBM 1
| #define __EXTENSIONS__ 1
| #define _ALL_SOURCE 1
| #define _GNU_SOURCE 1
| #define _POSIX_PTHREAD_SEMANTICS 1
| #define _TANDEM_SOURCE 1
| #define TIME_WITH_SYS_TIME 1
| #define HAVE_SYS_TIME_H 1
| #define HAVE_MACH_MACH_TIME_H 1
| /* end confdefs.h.  */
| #if HAVE_SYS_TIME_H
| #include <sys/time.h>
| #endif
| 
| int
| main ()
| {
| if (sizeof (hrtime_t))
|        return 0;
|   ;
|   return 0;
| }
configure:14509: result: no
configure:14528: checking for gethrtime
configure:14584: /opt/local/bin/mpicc-openmpi-gcc47 -std=gnu99 -o conftest -Wall -g -mno-avx -L/opt/local/lib/ -Wno-maybe-uninitialized -D_THREAD_SAFE     -lm  conftest.c  -lm  >&5
Undefined symbols for architecture x86_64:
  "_gethrtime", referenced from:
      _main in ccg69tZ4.o
ld: symbol(s) not found for architecture x86_64
collect2: error: ld returned 1 exit status
configure:14591: $? = 1
configure: failed program was:
| /* confdefs.h.  */
| #define PACKAGE_NAME ""
| #define PACKAGE_TARNAME ""
| #define PACKAGE_VERSION ""
| #define PACKAGE_STRING ""
| #define PACKAGE_BUGREPORT ""
| #define PACKAGE "mdcore"
| #define VERSION "VERSION"
| #define STDC_HEADERS 1
| #define HAVE_SYS_TYPES_H 1
| #define HAVE_SYS_STAT_H 1
| #define HAVE_STDLIB_H 1
| #define HAVE_STRING_H 1
| #define HAVE_MEMORY_H 1
| #define HAVE_STRINGS_H 1
| #define HAVE_INTTYPES_H 1
| #define HAVE_STDINT_H 1
| #define HAVE_UNISTD_H 1
| #define __EXTENSIONS__ 1
| #define _ALL_SOURCE 1
| #define _GNU_SOURCE 1
| #define _POSIX_PTHREAD_SEMANTICS 1
| #define _TANDEM_SOURCE 1
| #define HAVE_DLFCN_H 1
| #define LT_OBJDIR ".libs/"
| #define HAVE_POSIX_MEMALIGN 1
| #define HAVE_MMX /**/
| #define HAVE_SSE /**/
| #define HAVE_SSE2 /**/
| #define HAVE_SSE3 /**/
| #define HAVE_SSSE3 /**/
| #define HAVE_SSE41 /**/
| #define HAVE_SSE42 1
| #define HAVE_AVX /**/
| #define STDC_HEADERS 1
| #define HAVE_LIBM 1
| #define __EXTENSIONS__ 1
| #define _ALL_SOURCE 1
| #define _GNU_SOURCE 1
| #define _POSIX_PTHREAD_SEMANTICS 1
| #define _TANDEM_SOURCE 1
| #define TIME_WITH_SYS_TIME 1
| #define HAVE_SYS_TIME_H 1
| #define HAVE_MACH_MACH_TIME_H 1
| /* end confdefs.h.  */
| /* Define gethrtime to an innocuous variant, in case <limits.h> declares gethrtime.
|    For example, HP-UX 11i <limits.h> declares gettimeofday.  */
| #define gethrtime innocuous_gethrtime
| 
| /* System header to define __stub macros and hopefully few prototypes,
|     which can conflict with char gethrtime (); below.
|     Prefer <limits.h> to <assert.h> if __STDC__ is defined, since
|     <limits.h> exists even on freestanding compilers.  */
| 
| #ifdef __STDC__
| # include <limits.h>
| #else
| # include <assert.h>
| #endif
| 
| #undef gethrtime
| 
| /* Override any GCC internal prototype to avoid an error.
|    Use char because int might match the return type of a GCC
|    builtin and then its argument prototype would still apply.  */
| #ifdef __cplusplus
| extern "C"
| #endif
| char gethrtime ();
| /* The GNU C library defines this for functions which it implements
|     to always fail with ENOSYS.  Some functions are actually named
|     something starting with __ and the normal name is an alias.  */
| #if defined __stub_gethrtime || defined __stub___gethrtime
| choke me
| #endif
| 
| int
| main ()
| {
| return gethrtime ();
|   ;
|   return 0;
| }
configure:14613: result: no
configure:14528: checking for read_real_time
configure:14584: /opt/local/bin/mpicc-openmpi-gcc47 -std=gnu99 -o conftest -Wall -g -mno-avx -L/opt/local/lib/ -Wno-maybe-uninitialized -D_THREAD_SAFE     -lm  conftest.c  -lm  >&5
Undefined symbols for architecture x86_64:
  "_read_real_time", referenced from:
      _main in cc1A0rCp.o
ld: symbol(s) not found for architecture x86_64
collect2: error: ld returned 1 exit status
configure:14591: $? = 1
configure: failed program was:
| /* confdefs.h.  */
| #define PACKAGE_NAME ""
| #define PACKAGE_TARNAME ""
| #define PACKAGE_VERSION ""
| #define PACKAGE_STRING ""
| #define PACKAGE_BUGREPORT ""
| #define PACKAGE "mdcore"
| #define VERSION "VERSION"
| #define STDC_HEADERS 1
| #define HAVE_SYS_TYPES_H 1
| #define HAVE_SYS_STAT_H 1
| #define HAVE_STDLIB_H 1
| #define HAVE_STRING_H 1
| #define HAVE_MEMORY_H 1
| #define HAVE_STRINGS_H 1
| #define HAVE_INTTYPES_H 1
| #define HAVE_STDINT_H 1
| #define HAVE_UNISTD_H 1
| #define __EXTENSIONS__ 1
| #define _ALL_SOURCE 1
| #define _GNU_SOURCE 1
| #define _POSIX_PTHREAD_SEMANTICS 1
| #define _TANDEM_SOURCE 1
| #define HAVE_DLFCN_H 1
| #define LT_OBJDIR ".libs/"
| #define HAVE_POSIX_MEMALIGN 1
| #define HAVE_MMX /**/
| #define HAVE_SSE /**/
| #define HAVE_SSE2 /**/
| #define HAVE_SSE3 /**/
| #define HAVE_SSSE3 /**/
| #define HAVE_SSE41 /**/
| #define HAVE_SSE42 1
| #define HAVE_AVX /**/
| #define STDC_HEADERS 1
| #define HAVE_LIBM 1
| #define __EXTENSIONS__ 1
| #define _ALL_SOURCE 1
| #define _GNU_SOURCE 1
| #define _POSIX_PTHREAD_SEMANTICS 1
| #define _TANDEM_SOURCE 1
| #define TIME_WITH_SYS_TIME 1
| #define HAVE_SYS_TIME_H 1
| #define HAVE_MACH_MACH_TIME_H 1
| /* end confdefs.h.  */
| /* Define read_real_time to an innocuous variant, in case <limits.h> declares read_real_time.
|    For example, HP-UX 11i <limits.h> declares gettimeofday.  */
| #define read_real_time innocuous_read_real_time
| 
| /* System header to define __stub macros and hopefully few prototypes,
|     which can conflict with char read_real_time (); below.
|     Prefer <limits.h> to <assert.h> if __STDC__ is defined, since
|     <limits.h> exists even on freestanding compilers.  */
| 
| #ifdef __STDC__
| # include <limits.h>
| #else
| # include <assert.h>
| #endif
| 
| #undef read_real_time
| 
| /* Override any GCC internal prototype to avoid an error.
|    Use char because int might match the return type of a GCC
|    builtin and then its argument prototype would still apply.  */
| #ifdef __cplusplus
| extern "C"
| #endif
| char read_real_time ();
| /* The GNU C library defines this for functions which it implements
|     to always fail with ENOSYS.  Some functions are actually named
|     something starting with __ and the normal name is an alias.  */
| #if defined __stub_read_real_time || defined __stub___read_real_time
| choke me
| #endif
| 
| int
| main ()
| {
| return read_real_time ();
|   ;
|   return 0;
| }
configure:14613: result: no
configure:14528: checking for time_base_to_time
configure:14584: /opt/local/bin/mpicc-openmpi-gcc47 -std=gnu99 -o conftest -Wall -g -mno-avx -L/opt/local/lib/ -Wno-maybe-uninitialized -D_THREAD_SAFE     -lm  conftest.c  -lm  >&5
Undefined symbols for architecture x86_64:
  "_time_base_to_time", referenced from:
      _main in ccBZb7Kw.o
ld: symbol(s) not found for architecture x86_64
collect2: error: ld returned 1 exit status
configure:14591: $? = 1
configure: failed program was:
| /* confdefs.h.  */
| #define PACKAGE_NAME ""
| #define PACKAGE_TARNAME ""
| #define PACKAGE_VERSION ""
| #define PACKAGE_STRING ""
| #define PACKAGE_BUGREPORT ""
| #define PACKAGE "mdcore"
| #define VERSION "VERSION"
| #define STDC_HEADERS 1
| #define HAVE_SYS_TYPES_H 1
| #define HAVE_SYS_STAT_H 1
| #define HAVE_STDLIB_H 1
| #define HAVE_STRING_H 1
| #define HAVE_MEMORY_H 1
| #define HAVE_STRINGS_H 1
| #define HAVE_INTTYPES_H 1
| #define HAVE_STDINT_H 1
| #define HAVE_UNISTD_H 1
| #define __EXTENSIONS__ 1
| #define _ALL_SOURCE 1
| #define _GNU_SOURCE 1
| #define _POSIX_PTHREAD_SEMANTICS 1
| #define _TANDEM_SOURCE 1
| #define HAVE_DLFCN_H 1
| #define LT_OBJDIR ".libs/"
| #define HAVE_POSIX_MEMALIGN 1
| #define HAVE_MMX /**/
| #define HAVE_SSE /**/
| #define HAVE_SSE2 /**/
| #define HAVE_SSE3 /**/
| #define HAVE_SSSE3 /**/
| #define HAVE_SSE41 /**/
| #define HAVE_SSE42 1
| #define HAVE_AVX /**/
| #define STDC_HEADERS 1
| #define HAVE_LIBM 1
| #define __EXTENSIONS__ 1
| #define _ALL_SOURCE 1
| #define _GNU_SOURCE 1
| #define _POSIX_PTHREAD_SEMANTICS 1
| #define _TANDEM_SOURCE 1
| #define TIME_WITH_SYS_TIME 1
| #define HAVE_SYS_TIME_H 1
| #define HAVE_MACH_MACH_TIME_H 1
| /* end confdefs.h.  */
| /* Define time_base_to_time to an innocuous variant, in case <limits.h> declares time_base_to_time.
|    For example, HP-UX 11i <limits.h> declares gettimeofday.  */
| #define time_base_to_time innocuous_time_base_to_time
| 
| /* System header to define __stub macros and hopefully few prototypes,
|     which can conflict with char time_base_to_time (); below.
|     Prefer <limits.h> to <assert.h> if __STDC__ is defined, since
|     <limits.h> exists even on freestanding compilers.  */
| 
| #ifdef __STDC__
| # include <limits.h>
| #else
| # include <assert.h>
| #endif
| 
| #undef time_base_to_time
| 
| /* Override any GCC internal prototype to avoid an error.
|    Use char because int might match the return type of a GCC
|    builtin and then its argument prototype would still apply.  */
| #ifdef __cplusplus
| extern "C"
| #endif
| char time_base_to_time ();
| /* The GNU C library defines this for functions which it implements
|     to always fail with ENOSYS.  Some functions are actually named
|     something starting with __ and the normal name is an alias.  */
| #if defined __stub_time_base_to_time || defined __stub___time_base_to_time
| choke me
| #endif
| 
| int
| main ()
| {
| return time_base_to_time ();
|   ;
|   return 0;
| }
configure:14613: result: no
configure:14528: checking for clock_gettime
configure:14584: /opt/local/bin/mpicc-openmpi-gcc47 -std=gnu99 -o conftest -Wall -g -mno-avx -L/opt/local/lib/ -Wno-maybe-uninitialized -D_THREAD_SAFE     -lm  conftest.c  -lm  >&5
Undefined symbols for architecture x86_64:
  "_clock_gettime", referenced from:
      _main in cciuPXUY.o
ld: symbol(s) not found for architecture x86_64
collect2: error: ld returned 1 exit status
configure:14591: $? = 1
configure: failed program was:
| /* confdefs.h.  */
| #define PACKAGE_NAME ""
| #define PACKAGE_TARNAME ""
| #define PACKAGE_VERSION ""
| #define PACKAGE_STRING ""
| #define PACKAGE_BUGREPORT ""
| #define PACKAGE "mdcore"
| #define VERSION "VERSION"
| #define STDC_HEADERS 1
| #define HAVE_SYS_TYPES_H 1
| #define HAVE_SYS_STAT_H 1
| #define HAVE_STDLIB_H 1
| #define HAVE_STRING_H 1
| #define HAVE_MEMORY_H 1
| #define HAVE_STRINGS_H 1
| #define HAVE_INTTYPES_H 1
| #define HAVE_STDINT_H 1
| #define HAVE_UNISTD_H 1
| #define __EXTENSIONS__ 1
| #define _ALL_SOURCE 1
| #define _GNU_SOURCE 1
| #define _POSIX_PTHREAD_SEMANTICS 1
| #define _TANDEM_SOURCE 1
| #define HAVE_DLFCN_H 1
| #define LT_OBJDIR ".libs/"
| #define HAVE_POSIX_MEMALIGN 1
| #define HAVE_MMX /**/
| #define HAVE_SSE /**/
| #define HAVE_SSE2 /**/
| #define HAVE_SSE3 /**/
| #define HAVE_SSSE3 /**/
| #define HAVE_SSE41 /**/
| #define HAVE_SSE42 1
| #define HAVE_AVX /**/
| #define STDC_HEADERS 1
| #define HAVE_LIBM 1
| #define __EXTENSIONS__ 1
| #define _ALL_SOURCE 1
| #define _GNU_SOURCE 1
| #define _POSIX_PTHREAD_SEMANTICS 1
| #define _TANDEM_SOURCE 1
| #define TIME_WITH_SYS_TIME 1
| #define HAVE_SYS_TIME_H 1
| #define HAVE_MACH_MACH_TIME_H 1
| /* end confdefs.h.  */
| /* Define clock_gettime to an innocuous variant, in case <limits.h> declares clock_gettime.
|    For example, HP-UX 11i <limits.h> declares gettimeofday.  */
| #define clock_gettime innocuous_clock_gettime
| 
| /* System header to define __stub macros and hopefully few prototypes,
|     which can conflict with char clock_gettime (); below.
|     Prefer <limits.h> to <assert.h> if __STDC__ is defined, since
|     <limits.h> exists even on freestanding compilers.  */
| 
| #ifdef __STDC__
| # include <limits.h>
| #else
| # include <assert.h>
| #endif
| 
| #undef clock_gettime
| 
| /* Override any GCC internal prototype to avoid an error.
|    Use char because int might match the return type of a GCC
|    builtin and then its argument prototype would still apply.  */
| #ifdef __cplusplus
| extern "C"
| #endif
| char clock_gettime ();
| /* The GNU C library defines this for functions which it implements
|     to always fail with ENOSYS.  Some functions are actually named
|     something starting with __ and the normal name is an alias.  */
| #if defined __stub_clock_gettime || defined __stub___clock_gettime
| choke me
| #endif
| 
| int
| main ()
| {
| return clock_gettime ();
|   ;
|   return 0;
| }
configure:14613: result: no
configure:14528: checking for mach_absolute_time
configure:14584: /opt/local/bin/mpicc-openmpi-gcc47 -std=gnu99 -o conftest -Wall -g -mno-avx -L/opt/local/lib/ -Wno-maybe-uninitialized -D_THREAD_SAFE     -lm  conftest.c  -lm  >&5
configure:14591: $? = 0
configure:14613: result: yes
configure:14626: checking for _rtc intrinsic
configure:14652: /opt/local/bin/mpicc-openmpi-gcc47 -std=gnu99 -o conftest -Wall -g -mno-avx -L/opt/local/lib/ -Wno-maybe-uninitialized -D_THREAD_SAFE     -lm  conftest.c  -lm  >&5
conftest.c: In function 'main':
conftest.c:53:1: warning: implicit declaration of function '_rtc' [-Wimplicit-function-declaration]
Undefined symbols for architecture x86_64:
  "__rtc", referenced from:
      _main in ccvSdpg2.o
ld: symbol(s) not found for architecture x86_64
collect2: error: ld returned 1 exit status
configure:14659: $? = 1
configure: failed program was:
| /* confdefs.h.  */
| #define PACKAGE_NAME ""
| #define PACKAGE_TARNAME ""
| #define PACKAGE_VERSION ""
| #define PACKAGE_STRING ""
| #define PACKAGE_BUGREPORT ""
| #define PACKAGE "mdcore"
| #define VERSION "VERSION"
| #define STDC_HEADERS 1
| #define HAVE_SYS_TYPES_H 1
| #define HAVE_SYS_STAT_H 1
| #define HAVE_STDLIB_H 1
| #define HAVE_STRING_H 1
| #define HAVE_MEMORY_H 1
| #define HAVE_STRINGS_H 1
| #define HAVE_INTTYPES_H 1
| #define HAVE_STDINT_H 1
| #define HAVE_UNISTD_H 1
| #define __EXTENSIONS__ 1
| #define _ALL_SOURCE 1
| #define _GNU_SOURCE 1
| #define _POSIX_PTHREAD_SEMANTICS 1
| #define _TANDEM_SOURCE 1
| #define HAVE_DLFCN_H 1
| #define LT_OBJDIR ".libs/"
| #define HAVE_POSIX_MEMALIGN 1
| #define HAVE_MMX /**/
| #define HAVE_SSE /**/
| #define HAVE_SSE2 /**/
| #define HAVE_SSE3 /**/
| #define HAVE_SSSE3 /**/
| #define HAVE_SSE41 /**/
| #define HAVE_SSE42 1
| #define HAVE_AVX /**/
| #define STDC_HEADERS 1
| #define HAVE_LIBM 1
| #define __EXTENSIONS__ 1
| #define _ALL_SOURCE 1
| #define _GNU_SOURCE 1
| #define _POSIX_PTHREAD_SEMANTICS 1
| #define _TANDEM_SOURCE 1
| #define TIME_WITH_SYS_TIME 1
| #define HAVE_SYS_TIME_H 1
| #define HAVE_MACH_MACH_TIME_H 1
| #define HAVE_MACH_ABSOLUTE_TIME 1
| /* end confdefs.h.  */
| #ifdef HAVE_INTRINSICS_H
| #include <intrinsics.h>
| #endif
| int
| main ()
| {
| _rtc()
|   ;
|   return 0;
| }
configure:14682: result: no
configure:14689: checking for OpenMP flag of C compiler
configure:14735: /opt/local/bin/mpicc-openmpi-gcc47 -std=gnu99 -o conftest -Wall -g -mno-avx -L/opt/local/lib/ -Wno-maybe-uninitialized -D_THREAD_SAFE  -fopenmp    -lm  conftest.c  -lm  >&5
configure:14742: $? = 0
configure:14765: result: -fopenmp
configure:15154: checking for mpicc
configure:15181: result: /opt/local/bin/mpicc-openmpi-gcc47
configure:15199: checking for MPI_Init
configure:15255: /opt/local/bin/mpicc-openmpi-gcc47 -o conftest -Wall -g -mno-avx -L/opt/local/lib/ -Wno-maybe-uninitialized -D_THREAD_SAFE     -lm  conftest.c  -lm  >&5
configure:15262: $? = 0
configure:15282: result: yes
configure:15434: checking for mpi.h
configure:15457: /opt/local/bin/mpicc-openmpi-gcc47 -c -Wall -g -mno-avx -L/opt/local/lib/ -Wno-maybe-uninitialized -D_THREAD_SAFE   conftest.c >&5
configure:15464: $? = 0
configure:15469: result: yes
configure:15645: checking for fftwf_plan_dft_3d in -lfftw3f
configure:15680: /opt/local/bin/mpicc-openmpi-gcc47 -o conftest -Wall -g -mno-avx -L/opt/local/lib/ -Wno-maybe-uninitialized -D_THREAD_SAFE     -lm  conftest.c -lfftw3f -L/opt/local/lib/ -lfftw3f  -lm  >&5
configure:15687: $? = 0
configure:15708: result: yes
configure:16037: checking for doxygen
configure:16055: found /opt/local/bin//doxygen
configure:16067: result: /opt/local/bin//doxygen
configure:16143: checking for perl
configure:16161: found /usr/bin/perl
configure:16173: result: /usr/bin/perl
configure:16319: checking for dot
configure:16352: result: no
configure:16372: WARNING: dot not found - will not generate graphics for doxygen documentation
configure:17047: checking for latex
configure:17065: found /opt/local/bin//latex
configure:17077: result: /opt/local/bin//latex
configure:17153: checking for makeindex
configure:17171: found /opt/local/bin//makeindex
configure:17183: result: /opt/local/bin//makeindex
configure:17259: checking for dvips
configure:17277: found /opt/local/bin//dvips
configure:17289: result: /opt/local/bin//dvips
configure:17365: checking for egrep
configure:17383: found /usr/bin/egrep
configure:17395: result: /usr/bin/egrep
configure:17540: checking for pdflatex
configure:17558: found /opt/local/bin//pdflatex
configure:17570: result: /opt/local/bin//pdflatex
configure:17646: checking for makeindex
configure:17676: result: /opt/local/bin//makeindex
configure:17752: checking for egrep
configure:17782: result: /usr/bin/egrep
configure:18212: creating ./config.status

## ---------------------- ##
## Running config.status. ##
## ---------------------- ##

This file was extended by config.status, which was
generated by GNU Autoconf 2.63.  Invocation command line was

  CONFIG_FILES    = 
  CONFIG_HEADERS  = 
  CONFIG_LINKS    = 
  CONFIG_COMMANDS = 
  $ ./config.status 

on deepthought.fritz.box

config.status:1097: creating Makefile
config.status:1097: creating src/Makefile
config.status:1097: creating src/Makefile_cell
config.status:1097: creating src/spu/Makefile
config.status:1097: creating examples/Makefile
config.status:1097: creating examples/argon/Makefile
config.status:1097: creating examples/bulk/Makefile
config.status:1097: creating examples/bulk/Makefile_cell
config.status:1097: creating examples/hybrid/Makefile
config.status:1097: creating examples/flexible/Makefile
config.status:1097: creating examples/jac/Makefile
config.status:1097: creating examples/apoa1/Makefile
config.status:1097: creating examples/neon/Makefile
config.status:1097: creating examples/stmv/Makefile
config.status:1097: creating doc/Makefile
config.status:1097: creating config.h
config.status:1319: config.h is unchanged
config.status:1371: executing depfiles commands
config.status:1371: executing libtool commands

## ---------------- ##
## Cache variables. ##
## ---------------- ##

ac_cv_build=x86_64-apple-darwin13.1.0
ac_cv_c_compiler_gnu=yes
ac_cv_c_inline=inline
ac_cv_env_CC_set=set
ac_cv_env_CC_value=/opt/local/bin/mpicc-openmpi-gcc47
ac_cv_env_CFLAGS_set=set
ac_cv_env_CFLAGS_value='-mno-avx -L/opt/local/lib/ -Wno-maybe-uninitialized'
ac_cv_env_CPPFLAGS_set=
ac_cv_env_CPPFLAGS_value=
ac_cv_env_CPP_set=
ac_cv_env_CPP_value=
ac_cv_env_DOXYGEN_PAPER_SIZE_set=
ac_cv_env_DOXYGEN_PAPER_SIZE_value=
ac_cv_env_LDFLAGS_set=set
ac_cv_env_LDFLAGS_value=-L/opt/local/lib/
ac_cv_env_LIBS_set=
ac_cv_env_LIBS_value=
ac_cv_env_MPICC_set=set
ac_cv_env_MPICC_value=/opt/local/bin/mpicc-openmpi-gcc47
ac_cv_env_build_alias_set=
ac_cv_env_build_alias_value=
ac_cv_env_host_alias_set=
ac_cv_env_host_alias_value=
ac_cv_env_target_alias_set=
ac_cv_env_target_alias_value=
ac_cv_func_MPI_Init=yes
ac_cv_func_clock_gettime=no
ac_cv_func_gethrtime=no
ac_cv_func_mach_absolute_time=yes
ac_cv_func_pthread_setaffinity_np_=no
ac_cv_func_read_real_time=no
ac_cv_func_time_base_to_time=no
ac_cv_header_c_asm_h=no
ac_cv_header_dlfcn_h=yes
ac_cv_header_intrinsics_h=no
ac_cv_header_inttypes_h=yes
ac_cv_header_mach_mach_time_h=yes
ac_cv_header_memory_h=yes
ac_cv_header_minix_config_h=no
ac_cv_header_stdc=yes
ac_cv_header_stdint_h=yes
ac_cv_header_stdlib_h=yes
ac_cv_header_string_h=yes
ac_cv_header_strings_h=yes
ac_cv_header_sys_stat_h=yes
ac_cv_header_sys_time_h=yes
ac_cv_header_sys_types_h=yes
ac_cv_header_time=yes
ac_cv_header_unistd_h=yes
ac_cv_host=x86_64-apple-darwin13.1.0
ac_cv_lib_fftw3f_fftwf_plan_dft_3d=yes
ac_cv_lib_m_sqrt=yes
ac_cv_objext=o
ac_cv_path_EGREP='/usr/bin/grep -E'
ac_cv_path_FGREP='/usr/bin/grep -F'
ac_cv_path_GREP=/usr/bin/grep
ac_cv_path_SED=/usr/bin/sed
ac_cv_path_ac_pt_DX_DOXYGEN=/opt/local/bin//doxygen
ac_cv_path_ac_pt_DX_DVIPS=/opt/local/bin//dvips
ac_cv_path_ac_pt_DX_EGREP=/usr/bin/egrep
ac_cv_path_ac_pt_DX_LATEX=/opt/local/bin//latex
ac_cv_path_ac_pt_DX_MAKEINDEX=/opt/local/bin//makeindex
ac_cv_path_ac_pt_DX_PDFLATEX=/opt/local/bin//pdflatex
ac_cv_path_ac_pt_DX_PERL=/usr/bin/perl
ac_cv_path_install='/usr/bin/install -c'
ac_cv_prog_AWK=awk
ac_cv_prog_CPP='/opt/local/bin/mpicc-openmpi-gcc47 -E'
ac_cv_prog_MPICC=/opt/local/bin/mpicc-openmpi-gcc47
ac_cv_prog_ac_ct_AR=ar
ac_cv_prog_ac_ct_CC=/opt/local/bin/mpicc-openmpi-gcc47
ac_cv_prog_ac_ct_DSYMUTIL=dsymutil
ac_cv_prog_ac_ct_LIPO=lipo
ac_cv_prog_ac_ct_NMEDIT=nmedit
ac_cv_prog_ac_ct_OTOOL=otool
ac_cv_prog_ac_ct_RANLIB=ranlib
ac_cv_prog_ac_ct_STRIP=strip
ac_cv_prog_cc_c89=
ac_cv_prog_cc_c99=-std=gnu99
ac_cv_prog_cc_g=yes
ac_cv_prog_make_make_set=yes
ac_cv_safe_to_define___extensions__=yes
ac_cv_type_hrtime_t=no
am_cv_CC_dependencies_compiler_type=gcc3
ax_cv_c_flags__mcpu_pentium2=no
ax_cv_c_flags__mcpu_pentiumpro=no
ax_cv_c_flags__mpentium2=no
ax_cv_c_flags__mpentiumpro=no
ax_cv_c_flags__mtune_pentium2=no
ax_cv_c_flags__mtune_pentiumpro=no
ax_cv_c_openmp=-fopenmp
ax_cv_check_cflags___mavx=yes
ax_cv_check_cflags___mmmx=yes
ax_cv_check_cflags___msse2=yes
ax_cv_check_cflags___msse3=yes
ax_cv_check_cflags___msse4_1=yes
ax_cv_check_cflags___msse4_2=yes
ax_cv_check_cflags___msse=yes
ax_cv_check_cflags___mssse3=yes
ax_cv_func_posix_memalign_works=yes
ax_cv_gcc_archflag=unknown
ax_cv_gcc_x86_cpuid_0=d:756e6547:6c65746e:49656e69
ax_cv_gcc_x86_cpuid_0x00000001=40661:2100800:7ffafbff:bfebfbff
ax_cv_gcc_x86_cpuid_1=40661:100800:7ffafbff:bfebfbff
ax_cv_have_avx_ext=yes
ax_cv_have_mmx_ext=yes
ax_cv_have_sse2_ext=yes
ax_cv_have_sse3_ext=yes
ax_cv_have_sse41_ext=yes
ax_cv_have_sse42_ext=yes
ax_cv_have_sse_ext=yes
ax_cv_have_ssse3_ext=yes
lt_cv_apple_cc_single_mod=yes
lt_cv_deplibs_check_method=pass_all
lt_cv_file_magic_cmd='$MAGIC_CMD'
lt_cv_file_magic_test_file=
lt_cv_ld_exported_symbols_list=yes
lt_cv_ld_reload_flag=-r
lt_cv_nm_interface='BSD nm'
lt_cv_objdir=.libs
lt_cv_path_LD=/opt/local/bin/ld
lt_cv_path_NM=/usr/bin/nm
lt_cv_prog_compiler_c_o=yes
lt_cv_prog_compiler_pic_works=yes
lt_cv_prog_compiler_rtti_exceptions=no
lt_cv_prog_compiler_static_works=no
lt_cv_prog_gnu_ld=no
lt_cv_sys_global_symbol_pipe='sed -n -e '\''s/^.*[	 ]\([BCDEGRST][BCDEGRST]*\)[	 ][	 ]*_\([_A-Za-z][_A-Za-z0-9]*\)$/\1 _\2 \2/p'\'''
lt_cv_sys_global_symbol_to_c_name_address='sed -n -e '\''s/^: \([^ ]*\) $/  {\"\1\", (void *) 0},/p'\'' -e '\''s/^[BCDEGRST]* \([^ ]*\) \([^ ]*\)$/  {"\2", (void *) \&\2},/p'\'''
lt_cv_sys_global_symbol_to_c_name_address_lib_prefix='sed -n -e '\''s/^: \([^ ]*\) $/  {\"\1\", (void *) 0},/p'\'' -e '\''s/^[BCDEGRST]* \([^ ]*\) \(lib[^ ]*\)$/  {"\2", (void *) \&\2},/p'\'' -e '\''s/^[BCDEGRST]* \([^ ]*\) \([^ ]*\)$/  {"lib\2", (void *) \&\2},/p'\'''
lt_cv_sys_global_symbol_to_cdecl='sed -n -e '\''s/^T .* \(.*\)$/extern int \1();/p'\'' -e '\''s/^[BCDEGRST]* .* \(.*\)$/extern char \1;/p'\'''
lt_cv_sys_max_cmd_len=196608

## ----------------- ##
## Output variables. ##
## ----------------- ##

ACLOCAL='${SHELL} /Users/stephan/Code/git/mdcore/missing --run aclocal-1.11'
AMDEPBACKSLASH='\'
AMDEP_FALSE='#'
AMDEP_TRUE=''
AMTAR='${SHELL} /Users/stephan/Code/git/mdcore/missing --run tar'
AR='ar'
AUTOCONF='${SHELL} /Users/stephan/Code/git/mdcore/missing --run autoconf'
AUTOHEADER='${SHELL} /Users/stephan/Code/git/mdcore/missing --run autoheader'
AUTOMAKE='${SHELL} /Users/stephan/Code/git/mdcore/missing --run automake-1.11'
AWK='awk'
CC='/opt/local/bin/mpicc-openmpi-gcc47'
CCDEPMODE='depmode=gcc3'
CELLTOP=''
CFLAGS='-Wall -g -mno-avx -L/opt/local/lib/ -Wno-maybe-uninitialized -D_THREAD_SAFE '
CPP='/opt/local/bin/mpicc-openmpi-gcc47 -E'
CPPFLAGS=''
CUDA_CFLAGS=''
CUDA_LIBS=''
CYGPATH_W='echo'
DEFS='-DHAVE_CONFIG_H'
DEPDIR='.deps'
DOXYGEN_PAPER_SIZE=''
DSYMUTIL='dsymutil'
DUMPBIN=''
DX_COND_chi_FALSE=''
DX_COND_chi_TRUE='#'
DX_COND_chm_FALSE=''
DX_COND_chm_TRUE='#'
DX_COND_doc_FALSE='#'
DX_COND_doc_TRUE=''
DX_COND_dot_FALSE=''
DX_COND_dot_TRUE='#'
DX_COND_html_FALSE='#'
DX_COND_html_TRUE=''
DX_COND_latex_FALSE='#'
DX_COND_latex_TRUE=''
DX_COND_man_FALSE=''
DX_COND_man_TRUE='#'
DX_COND_pdf_FALSE='#'
DX_COND_pdf_TRUE=''
DX_COND_ps_FALSE='#'
DX_COND_ps_TRUE=''
DX_COND_rtf_FALSE=''
DX_COND_rtf_TRUE='#'
DX_COND_xml_FALSE=''
DX_COND_xml_TRUE='#'
DX_CONFIG='doc/Doxyfile'
DX_DOCDIR='doc/'
DX_DOT=''
DX_DOXYGEN='/opt/local/bin//doxygen'
DX_DVIPS='/opt/local/bin//dvips'
DX_EGREP='/usr/bin/egrep'
DX_ENV=' SRCDIR='\''.'\'' PROJECT='\''mdcore'\'' DOCDIR='\''doc/'\'' VERSION='\'''\'' PERL_PATH='\''/usr/bin/perl'\'' HAVE_DOT='\''NO'\'' GENERATE_MAN='\''NO'\'' GENERATE_RTF='\''NO'\'' GENERATE_XML='\''NO'\'' GENERATE_HTMLHELP='\''NO'\'' GENERATE_CHI='\''NO'\'' GENERATE_HTML='\''YES'\'' GENERATE_LATEX='\''YES'\'''
DX_FLAG_chi='0'
DX_FLAG_chm='0'
DX_FLAG_doc='1'
DX_FLAG_dot='0'
DX_FLAG_html='1'
DX_FLAG_man='0'
DX_FLAG_pdf='1'
DX_FLAG_ps='1'
DX_FLAG_rtf='0'
DX_FLAG_xml='0'
DX_HHC=''
DX_LATEX='/opt/local/bin//latex'
DX_MAKEINDEX='/opt/local/bin//makeindex'
DX_PDFLATEX='/opt/local/bin//pdflatex'
DX_PERL='/usr/bin/perl'
DX_PROJECT='mdcore'
ECHO_C='\c'
ECHO_N=''
ECHO_T=''
EGREP='/usr/bin/grep -E'
EXEEXT=''
FFTW3_LDFLAGS='-L/opt/local/lib/ -lfftw3f'
FGREP='/usr/bin/grep -F'
GREP='/usr/bin/grep'
HAVECELL_FALSE=''
HAVECELL_TRUE='#'
HAVECUDA_FALSE=''
HAVECUDA_TRUE='#'
HAVEFFTW3_FALSE='#'
HAVEFFTW3_TRUE=''
HAVEMETIS_FALSE=''
HAVEMETIS_TRUE='#'
HAVEMPI_FALSE='#'
HAVEMPI_TRUE=''
INSTALL_DATA='${INSTALL} -m 644'
INSTALL_PROGRAM='${INSTALL}'
INSTALL_SCRIPT='${INSTALL}'
INSTALL_STRIP_PROGRAM='$(install_sh) -c -s'
LD='/opt/local/bin/ld'
LDFLAGS='  -lm '
LIBOBJS=''
LIBS='-lfftw3f  -lm '
LIBTOOL='$(SHELL) $(top_builddir)/libtool'
LIPO='lipo'
LN_S='ln -s'
LTLIBOBJS=''
MAKEINFO='${SHELL} /Users/stephan/Code/git/mdcore/missing --run makeinfo'
METIS_LDFLAGS=''
MKDIR_P='./install-sh -c -d'
MPICC='/opt/local/bin/mpicc-openmpi-gcc47'
MPILIBS=' '
NM='/usr/bin/nm'
NMEDIT='nmedit'
NVCC=''
OBJDUMP='false'
OBJEXT='o'
OPENMP_CFLAGS='-fopenmp'
OTOOL64=':'
OTOOL='otool'
PACKAGE='mdcore'
PACKAGE_BUGREPORT=''
PACKAGE_NAME=''
PACKAGE_STRING=''
PACKAGE_TARNAME=''
PACKAGE_VERSION=''
PATH_SEPARATOR=':'
PPUGCC=''
PRTDIAG=''
PTHREAD_CC='/opt/local/bin/mpicc-openmpi-gcc47 -std=gnu99'
PTHREAD_CFLAGS='-D_THREAD_SAFE '
PTHREAD_LIBS=''
RANLIB='ranlib'
SED='/usr/bin/sed'
SET_MAKE=''
SHELL='/bin/sh'
SIMD_FLAGS=' -mmmx -msse -msse2 -msse3 -mssse3 -msse4.1 -msse4.2 -mavx'
SPUGCC=''
STRIP='strip'
VERSION='VERSION'
ac_ct_CC='/opt/local/bin/mpicc-openmpi-gcc47'
ac_ct_DUMPBIN=''
acx_pthread_config=''
am__EXEEXT_FALSE=''
am__EXEEXT_TRUE='#'
am__fastdepCC_FALSE='#'
am__fastdepCC_TRUE=''
am__include='include'
am__isrc=''
am__leading_dot='.'
am__quote=''
am__tar='${AMTAR} chof - "$$tardir"'
am__untar='${AMTAR} xf -'
bindir='${exec_prefix}/bin'
build='x86_64-apple-darwin13.1.0'
build_alias=''
build_cpu='x86_64'
build_os='darwin13.1.0'
build_vendor='apple'
datadir='${datarootdir}'
datarootdir='${prefix}/share'
docdir='${datarootdir}/doc/${PACKAGE}'
dvidir='${docdir}'
exec_prefix='${prefix}'
host='x86_64-apple-darwin13.1.0'
host_alias=''
host_cpu='x86_64'
host_os='darwin13.1.0'
host_vendor='apple'
htmldir='${docdir}'
includedir='${prefix}/include'
infodir='${datarootdir}/info'
install_sh='${SHELL} /Users/stephan/Code/git/mdcore/install-sh'
libdir='${exec_prefix}/lib'
libexecdir='${exec_prefix}/libexec'
localedir='${datarootdir}/locale'
localstatedir='${prefix}/var'
lt_ECHO='/bin/echo'
mandir='${datarootdir}/man'
mkdir_p='$(top_builddir)/./install-sh -c -d'
oldincludedir='/usr/include'
pdfdir='${docdir}'
prefix='/Users/stephan/Code/git/mdcore/bin'
program_transform_name='s,x,x,'
psdir='${docdir}'
sbindir='${exec_prefix}/sbin'
sharedstatedir='${prefix}/com'
sysconfdir='${prefix}/etc'
target_alias=''

## ----------- ##
## confdefs.h. ##
## ----------- ##

#define PACKAGE_NAME ""
#define PACKAGE_TARNAME ""
#define PACKAGE_VERSION ""
#define PACKAGE_STRING ""
#define PACKAGE_BUGREPORT ""
#define PACKAGE "mdcore"
#define VERSION "VERSION"
#define STDC_HEADERS 1
#define HAVE_SYS_TYPES_H 1
#define HAVE_SYS_STAT_H 1
#define HAVE_STDLIB_H 1
#define HAVE_STRING_H 1
#define HAVE_MEMORY_H 1
#define HAVE_STRINGS_H 1
#define HAVE_INTTYPES_H 1
#define HAVE_STDINT_H 1
#define HAVE_UNISTD_H 1
#define __EXTENSIONS__ 1
#define _ALL_SOURCE 1
#define _GNU_SOURCE 1
#define _POSIX_PTHREAD_SEMANTICS 1
#define _TANDEM_SOURCE 1
#define HAVE_DLFCN_H 1
#define LT_OBJDIR ".libs/"
#define HAVE_POSIX_MEMALIGN 1
#define HAVE_MMX /**/
#define HAVE_SSE /**/
#define HAVE_SSE2 /**/
#define HAVE_SSE3 /**/
#define HAVE_SSSE3 /**/
#define HAVE_SSE41 /**/
#define HAVE_SSE42 1
#define HAVE_AVX /**/
#define STDC_HEADERS 1
#define HAVE_LIBM 1
#define __EXTENSIONS__ 1
#define _ALL_SOURCE 1
#define _GNU_SOURCE 1
#define _POSIX_PTHREAD_SEMANTICS 1
#define _TANDEM_SOURCE 1
#define TIME_WITH_SYS_TIME 1
#define HAVE_SYS_TIME_H 1
#define HAVE_MACH_MACH_TIME_H 1
#define HAVE_MACH_ABSOLUTE_TIME 1
#define HAVE_OPENMP 1
#define HAVE_MPI 1
#define HAVE_LIBFFTW3F 1
#define HAVE_FFTW3 true

configure: exit 0
